{"numTotalTestSuites":6,"numPassedTestSuites":6,"numFailedTestSuites":0,"numPendingTestSuites":0,"numTotalTests":8,"numPassedTests":8,"numFailedTests":0,"numPendingTests":0,"numTodoTests":0,"snapshot":{"added":0,"failure":false,"filesAdded":0,"filesRemoved":0,"filesRemovedList":[],"filesUnmatched":0,"filesUpdated":0,"matched":0,"total":0,"unchecked":0,"uncheckedKeysByFile":[],"unmatched":0,"updated":0,"didUpdate":false},"startTime":1772399729985,"success":true,"testResults":[{"assertionResults":[{"ancestorTitles":["CreateProjectModal","Step Navigation"],"fullName":"CreateProjectModal Step Navigation shows template selection on initial render","status":"passed","title":"shows template selection on initial render","duration":357.430126,"failureMessages":[],"meta":{}},{"ancestorTitles":["CreateProjectModal","Step Navigation"],"fullName":"CreateProjectModal Step Navigation moves to step 2 when template is selected","status":"passed","title":"moves to step 2 when template is selected","duration":509.07050100000015,"failureMessages":[],"meta":{}},{"ancestorTitles":["CreateProjectModal","Form Field Mapping (Regression)"],"fullName":"CreateProjectModal Form Field Mapping (Regression) passes title field correctly to onSubmit callback","status":"passed","title":"passes title field correctly to onSubmit callback","duration":629.1395909999997,"failureMessages":[],"meta":{}},{"ancestorTitles":["CreateProjectModal","Form Field Mapping (Regression)"],"fullName":"CreateProjectModal Form Field Mapping (Regression) maps template to templateId correctly","status":"passed","title":"maps template to templateId correctly","duration":586.157627,"failureMessages":[],"meta":{}},{"ancestorTitles":["CreateProjectModal","UI State Management"],"fullName":"CreateProjectModal UI State Management disables Create button when title is empty","status":"passed","title":"disables Create button when title is empty","duration":604.7940119999998,"failureMessages":[],"meta":{}},{"ancestorTitles":["CreateProjectModal","UI State Management"],"fullName":"CreateProjectModal UI State Management enables Create button when title is provided","status":"passed","title":"enables Create button when title is provided","duration":498.4811180000006,"failureMessages":[],"meta":{}},{"ancestorTitles":["CreateProjectModal","UI State Management"],"fullName":"CreateProjectModal UI State Management resets form after successful creation","status":"passed","title":"resets form after successful creation","duration":498.748149,"failureMessages":[],"meta":{}},{"ancestorTitles":["CreateProjectModal","No Confusing UI Elements (UX Regression)"],"fullName":"CreateProjectModal No Confusing UI Elements (UX Regression) does not show project type selector","status":"passed","title":"does not show project type selector","duration":427.7933750000002,"failureMessages":[],"meta":{}}],"startTime":1772399731560,"endTime":1772399735672.7935,"status":"passed","message":"","name":"/home/joel/PlanterPlan/PlanterPlan-Alpha/PlanterPlan-Alpha/src/features/dashboard/components/CreateProjectModal.test.tsx"}]}