{"/home/joel/PlanterPlan/PlanterPlan-Alpha/PlanterPlan-Alpha/src/features/tasks/lib/drag/dateInheritance.ts": {"path":"/home/joel/PlanterPlan/PlanterPlan-Alpha/PlanterPlan-Alpha/src/features/tasks/lib/drag/dateInheritance.ts","statementMap":{"0":{"start":{"line":19,"column":30},"end":{"line":42,"column":null}},"1":{"start":{"line":20,"column":21},"end":{"line":20,"column":null}},"2":{"start":{"line":21,"column":1},"end":{"line":27,"column":null}},"3":{"start":{"line":22,"column":13},"end":{"line":22,"column":null}},"4":{"start":{"line":23,"column":1},"end":{"line":26,"column":null}},"5":{"start":{"line":24,"column":1},"end":{"line":24,"column":null}},"6":{"start":{"line":24,"column":28},"end":{"line":24,"column":null}},"7":{"start":{"line":25,"column":1},"end":{"line":25,"column":null}},"8":{"start":{"line":29,"column":39},"end":{"line":29,"column":null}},"9":{"start":{"line":30,"column":25},"end":{"line":30,"column":null}},"10":{"start":{"line":32,"column":1},"end":{"line":39,"column":null}},"11":{"start":{"line":33,"column":19},"end":{"line":33,"column":null}},"12":{"start":{"line":34,"column":14},"end":{"line":34,"column":null}},"13":{"start":{"line":35,"column":1},"end":{"line":38,"column":null}},"14":{"start":{"line":36,"column":1},"end":{"line":36,"column":null}},"15":{"start":{"line":37,"column":1},"end":{"line":37,"column":null}},"16":{"start":{"line":41,"column":1},"end":{"line":41,"column":null}},"17":{"start":{"line":47,"column":35},"end":{"line":80,"column":null}},"18":{"start":{"line":53,"column":1},"end":{"line":53,"column":null}},"19":{"start":{"line":53,"column":27},"end":{"line":53,"column":null}},"20":{"start":{"line":55,"column":14},"end":{"line":55,"column":null}},"21":{"start":{"line":56,"column":14},"end":{"line":56,"column":null}},"22":{"start":{"line":58,"column":1},"end":{"line":58,"column":null}},"23":{"start":{"line":58,"column":21},"end":{"line":58,"column":null}},"24":{"start":{"line":60,"column":7},"end":{"line":60,"column":null}},"25":{"start":{"line":61,"column":1},"end":{"line":61,"column":null}},"26":{"start":{"line":61,"column":21},"end":{"line":61,"column":null}},"27":{"start":{"line":63,"column":21},"end":{"line":63,"column":null}},"28":{"start":{"line":64,"column":36},"end":{"line":64,"column":null}},"29":{"start":{"line":66,"column":1},"end":{"line":77,"column":null}},"30":{"start":{"line":67,"column":1},"end":{"line":76,"column":null}},"31":{"start":{"line":68,"column":25},"end":{"line":68,"column":null}},"32":{"start":{"line":69,"column":1},"end":{"line":75,"column":null}},"33":{"start":{"line":70,"column":7},"end":{"line":70,"column":null}},"34":{"start":{"line":71,"column":1},"end":{"line":74,"column":null}},"35":{"start":{"line":79,"column":1},"end":{"line":79,"column":null}}},"fnMap":{"0":{"name":"(anonymous_0)","decl":{"start":{"line":19,"column":30},"end":{"line":19,"column":31}},"loc":{"start":{"line":19,"column":106},"end":{"line":42,"column":null}},"line":19},"1":{"name":"(anonymous_1)","decl":{"start":{"line":47,"column":35},"end":{"line":47,"column":null}},"loc":{"start":{"line":52,"column":24},"end":{"line":80,"column":null}},"line":52}},"branchMap":{"0":{"loc":{"start":{"line":23,"column":1},"end":{"line":26,"column":null}},"type":"if","locations":[{"start":{"line":23,"column":1},"end":{"line":26,"column":null}},{"start":{},"end":{}}],"line":23},"1":{"loc":{"start":{"line":24,"column":1},"end":{"line":24,"column":null}},"type":"if","locations":[{"start":{"line":24,"column":1},"end":{"line":24,"column":null}},{"start":{},"end":{}}],"line":24},"2":{"loc":{"start":{"line":34,"column":14},"end":{"line":34,"column":null}},"type":"binary-expr","locations":[{"start":{"line":34,"column":14},"end":{"line":34,"column":44}},{"start":{"line":34,"column":44},"end":{"line":34,"column":null}}],"line":34},"3":{"loc":{"start":{"line":53,"column":1},"end":{"line":53,"column":null}},"type":"if","locations":[{"start":{"line":53,"column":1},"end":{"line":53,"column":null}},{"start":{},"end":{}}],"line":53},"4":{"loc":{"start":{"line":53,"column":5},"end":{"line":53,"column":27}},"type":"binary-expr","locations":[{"start":{"line":53,"column":5},"end":{"line":53,"column":17}},{"start":{"line":53,"column":17},"end":{"line":53,"column":27}}],"line":53},"5":{"loc":{"start":{"line":55,"column":14},"end":{"line":55,"column":null}},"type":"cond-expr","locations":[{"start":{"line":55,"column":33},"end":{"line":55,"column":68}},{"start":{"line":55,"column":68},"end":{"line":55,"column":null}}],"line":55},"6":{"loc":{"start":{"line":56,"column":14},"end":{"line":56,"column":null}},"type":"cond-expr","locations":[{"start":{"line":56,"column":33},"end":{"line":56,"column":68}},{"start":{"line":56,"column":68},"end":{"line":56,"column":null}}],"line":56},"7":{"loc":{"start":{"line":58,"column":1},"end":{"line":58,"column":null}},"type":"if","locations":[{"start":{"line":58,"column":1},"end":{"line":58,"column":null}},{"start":{},"end":{}}],"line":58},"8":{"loc":{"start":{"line":58,"column":5},"end":{"line":58,"column":21}},"type":"binary-expr","locations":[{"start":{"line":58,"column":5},"end":{"line":58,"column":14}},{"start":{"line":58,"column":14},"end":{"line":58,"column":21}}],"line":58},"9":{"loc":{"start":{"line":61,"column":1},"end":{"line":61,"column":null}},"type":"if","locations":[{"start":{"line":61,"column":1},"end":{"line":61,"column":null}},{"start":{},"end":{}}],"line":61},"10":{"loc":{"start":{"line":67,"column":1},"end":{"line":76,"column":null}},"type":"if","locations":[{"start":{"line":67,"column":1},"end":{"line":76,"column":null}},{"start":{},"end":{}}],"line":67},"11":{"loc":{"start":{"line":68,"column":25},"end":{"line":68,"column":null}},"type":"cond-expr","locations":[{"start":{"line":68,"column":52},"end":{"line":68,"column":95}},{"start":{"line":68,"column":95},"end":{"line":68,"column":null}}],"line":68},"12":{"loc":{"start":{"line":69,"column":1},"end":{"line":75,"column":null}},"type":"if","locations":[{"start":{"line":69,"column":1},"end":{"line":75,"column":null}},{"start":{},"end":{}}],"line":69}},"s":{"0":1,"1":6,"2":6,"3":16,"4":16,"5":10,"6":8,"7":10,"8":6,"9":6,"10":6,"11":16,"12":16,"13":16,"14":10,"15":10,"16":6,"17":1,"18":8,"19":2,"20":6,"21":8,"22":8,"23":2,"24":4,"25":4,"26":1,"27":3,"28":3,"29":3,"30":5,"31":4,"32":4,"33":3,"34":3,"35":3},"f":{"0":6,"1":8},"b":{"0":[10,6],"1":[8,2],"2":[16,8],"3":[2,6],"4":[8,7],"5":[5,1],"6":[5,1],"7":[2,6],"8":[8,5],"9":[1,3],"10":[4,1],"11":[3,1],"12":[3,1]},"meta":{"lastBranch":13,"lastFunction":2,"lastStatement":36,"seen":{"s:19:30:42:Infinity":0,"f:19:30:19:31":0,"s:20:21:20:Infinity":1,"s:21:1:27:Infinity":2,"s:22:13:22:Infinity":3,"b:23:1:26:Infinity:undefined:undefined:undefined:undefined":0,"s:23:1:26:Infinity":4,"b:24:1:24:Infinity:undefined:undefined:undefined:undefined":1,"s:24:1:24:Infinity":5,"s:24:28:24:Infinity":6,"s:25:1:25:Infinity":7,"s:29:39:29:Infinity":8,"s:30:25:30:Infinity":9,"s:32:1:39:Infinity":10,"s:33:19:33:Infinity":11,"s:34:14:34:Infinity":12,"b:34:14:34:44:34:44:34:Infinity":2,"s:35:1:38:Infinity":13,"s:36:1:36:Infinity":14,"s:37:1:37:Infinity":15,"s:41:1:41:Infinity":16,"s:47:35:80:Infinity":17,"f:47:35:47:Infinity":1,"b:53:1:53:Infinity:undefined:undefined:undefined:undefined":3,"s:53:1:53:Infinity":18,"b:53:5:53:17:53:17:53:27":4,"s:53:27:53:Infinity":19,"s:55:14:55:Infinity":20,"b:55:33:55:68:55:68:55:Infinity":5,"s:56:14:56:Infinity":21,"b:56:33:56:68:56:68:56:Infinity":6,"b:58:1:58:Infinity:undefined:undefined:undefined:undefined":7,"s:58:1:58:Infinity":22,"b:58:5:58:14:58:14:58:21":8,"s:58:21:58:Infinity":23,"s:60:7:60:Infinity":24,"b:61:1:61:Infinity:undefined:undefined:undefined:undefined":9,"s:61:1:61:Infinity":25,"s:61:21:61:Infinity":26,"s:63:21:63:Infinity":27,"s:64:36:64:Infinity":28,"s:66:1:77:Infinity":29,"b:67:1:76:Infinity:undefined:undefined:undefined:undefined":10,"s:67:1:76:Infinity":30,"s:68:25:68:Infinity":31,"b:68:52:68:95:68:95:68:Infinity":11,"b:69:1:75:Infinity:undefined:undefined:undefined:undefined":12,"s:69:1:75:Infinity":32,"s:70:7:70:Infinity":33,"s:71:1:74:Infinity":34,"s:79:1:79:Infinity":35}}}
,"/home/joel/PlanterPlan/PlanterPlan-Alpha/PlanterPlan-Alpha/src/features/tasks/lib/drag/dragDropUtils.ts": {"path":"/home/joel/PlanterPlan/PlanterPlan-Alpha/PlanterPlan-Alpha/src/features/tasks/lib/drag/dragDropUtils.ts","statementMap":{"0":{"start":{"line":39,"column":35},"end":{"line":137,"column":null}},"1":{"start":{"line":45,"column":18},"end":{"line":45,"column":null}},"2":{"start":{"line":46,"column":16},"end":{"line":46,"column":null}},"3":{"start":{"line":47,"column":20},"end":{"line":47,"column":null}},"4":{"start":{"line":47,"column":41},"end":{"line":47,"column":58}},"5":{"start":{"line":49,"column":1},"end":{"line":49,"column":null}},"6":{"start":{"line":49,"column":18},"end":{"line":49,"column":null}},"7":{"start":{"line":52,"column":34},"end":{"line":52,"column":null}},"8":{"start":{"line":53,"column":47},"end":{"line":53,"column":null}},"9":{"start":{"line":54,"column":18},"end":{"line":54,"column":null}},"10":{"start":{"line":56,"column":1},"end":{"line":71,"column":null}},"11":{"start":{"line":57,"column":1},"end":{"line":57,"column":null}},"12":{"start":{"line":58,"column":1},"end":{"line":58,"column":null}},"13":{"start":{"line":60,"column":1},"end":{"line":62,"column":null}},"14":{"start":{"line":60,"column":42},"end":{"line":60,"column":62}},"15":{"start":{"line":64,"column":18},"end":{"line":64,"column":null}},"16":{"start":{"line":64,"column":39},"end":{"line":64,"column":54}},"17":{"start":{"line":65,"column":1},"end":{"line":70,"column":null}},"18":{"start":{"line":66,"column":1},"end":{"line":66,"column":null}},"19":{"start":{"line":67,"column":1},"end":{"line":67,"column":null}},"20":{"start":{"line":69,"column":1},"end":{"line":69,"column":null}},"21":{"start":{"line":74,"column":1},"end":{"line":87,"column":null}},"22":{"start":{"line":75,"column":33},"end":{"line":75,"column":null}},"23":{"start":{"line":76,"column":13},"end":{"line":76,"column":null}},"24":{"start":{"line":77,"column":1},"end":{"line":86,"column":null}},"25":{"start":{"line":78,"column":1},"end":{"line":81,"column":null}},"26":{"start":{"line":79,"column":1},"end":{"line":79,"column":null}},"27":{"start":{"line":80,"column":1},"end":{"line":80,"column":null}},"28":{"start":{"line":83,"column":18},"end":{"line":83,"column":null}},"29":{"start":{"line":83,"column":39},"end":{"line":83,"column":58}},"30":{"start":{"line":84,"column":1},"end":{"line":84,"column":null}},"31":{"start":{"line":85,"column":1},"end":{"line":85,"column":null}},"32":{"start":{"line":90,"column":1},"end":{"line":92,"column":null}},"33":{"start":{"line":91,"column":1},"end":{"line":91,"column":null}},"34":{"start":{"line":95,"column":18},"end":{"line":97,"column":null}},"35":{"start":{"line":96,"column":10},"end":{"line":96,"column":87}},"36":{"start":{"line":97,"column":11},"end":{"line":97,"column":54}},"37":{"start":{"line":99,"column":21},"end":{"line":99,"column":null}},"38":{"start":{"line":99,"column":47},"end":{"line":99,"column":64}},"39":{"start":{"line":100,"column":19},"end":{"line":100,"column":null}},"40":{"start":{"line":100,"column":45},"end":{"line":100,"column":60}},"41":{"start":{"line":105,"column":25},"end":{"line":105,"column":null}},"42":{"start":{"line":107,"column":1},"end":{"line":128,"column":null}},"43":{"start":{"line":108,"column":1},"end":{"line":119,"column":null}},"44":{"start":{"line":109,"column":1},"end":{"line":115,"column":null}},"45":{"start":{"line":110,"column":1},"end":{"line":110,"column":null}},"46":{"start":{"line":111,"column":1},"end":{"line":111,"column":null}},"47":{"start":{"line":113,"column":1},"end":{"line":113,"column":null}},"48":{"start":{"line":114,"column":1},"end":{"line":114,"column":null}},"49":{"start":{"line":117,"column":1},"end":{"line":117,"column":null}},"50":{"start":{"line":118,"column":1},"end":{"line":118,"column":null}},"51":{"start":{"line":121,"column":1},"end":{"line":127,"column":null}},"52":{"start":{"line":122,"column":1},"end":{"line":122,"column":null}},"53":{"start":{"line":123,"column":1},"end":{"line":123,"column":null}},"54":{"start":{"line":125,"column":1},"end":{"line":125,"column":null}},"55":{"start":{"line":126,"column":1},"end":{"line":126,"column":null}},"56":{"start":{"line":130,"column":17},"end":{"line":130,"column":null}},"57":{"start":{"line":131,"column":17},"end":{"line":131,"column":null}},"58":{"start":{"line":134,"column":7},"end":{"line":134,"column":null}},"59":{"start":{"line":136,"column":1},"end":{"line":136,"column":null}}},"fnMap":{"0":{"name":"(anonymous_0)","decl":{"start":{"line":39,"column":35},"end":{"line":39,"column":null}},"loc":{"start":{"line":44,"column":23},"end":{"line":137,"column":null}},"line":44},"1":{"name":"(anonymous_1)","decl":{"start":{"line":47,"column":34},"end":{"line":47,"column":35}},"loc":{"start":{"line":47,"column":41},"end":{"line":47,"column":58}},"line":47},"2":{"name":"(anonymous_2)","decl":{"start":{"line":60,"column":35},"end":{"line":60,"column":36}},"loc":{"start":{"line":60,"column":42},"end":{"line":60,"column":62}},"line":60},"3":{"name":"(anonymous_3)","decl":{"start":{"line":64,"column":32},"end":{"line":64,"column":33}},"loc":{"start":{"line":64,"column":39},"end":{"line":64,"column":54}},"line":64},"4":{"name":"(anonymous_4)","decl":{"start":{"line":83,"column":32},"end":{"line":83,"column":33}},"loc":{"start":{"line":83,"column":39},"end":{"line":83,"column":58}},"line":83},"5":{"name":"(anonymous_5)","decl":{"start":{"line":96,"column":9},"end":{"line":96,"column":10}},"loc":{"start":{"line":96,"column":10},"end":{"line":96,"column":87}},"line":96},"6":{"name":"(anonymous_6)","decl":{"start":{"line":97,"column":7},"end":{"line":97,"column":8}},"loc":{"start":{"line":97,"column":11},"end":{"line":97,"column":54}},"line":97},"7":{"name":"(anonymous_7)","decl":{"start":{"line":99,"column":40},"end":{"line":99,"column":41}},"loc":{"start":{"line":99,"column":47},"end":{"line":99,"column":64}},"line":99},"8":{"name":"(anonymous_8)","decl":{"start":{"line":100,"column":38},"end":{"line":100,"column":39}},"loc":{"start":{"line":100,"column":45},"end":{"line":100,"column":60}},"line":100}},"branchMap":{"0":{"loc":{"start":{"line":49,"column":1},"end":{"line":49,"column":null}},"type":"if","locations":[{"start":{"line":49,"column":1},"end":{"line":49,"column":null}},{"start":{},"end":{}}],"line":49},"1":{"loc":{"start":{"line":54,"column":18},"end":{"line":54,"column":null}},"type":"binary-expr","locations":[{"start":{"line":54,"column":18},"end":{"line":54,"column":40}},{"start":{"line":54,"column":40},"end":{"line":54,"column":null}}],"line":54},"2":{"loc":{"start":{"line":56,"column":1},"end":{"line":71,"column":null}},"type":"if","locations":[{"start":{"line":56,"column":1},"end":{"line":71,"column":null}},{"start":{"line":63,"column":8},"end":{"line":71,"column":null}}],"line":56},"3":{"loc":{"start":{"line":57,"column":16},"end":{"line":57,"column":null}},"type":"binary-expr","locations":[{"start":{"line":57,"column":16},"end":{"line":57,"column":48}},{"start":{"line":57,"column":48},"end":{"line":57,"column":null}}],"line":57},"4":{"loc":{"start":{"line":60,"column":1},"end":{"line":62,"column":null}},"type":"if","locations":[{"start":{"line":60,"column":1},"end":{"line":62,"column":null}},{"start":{},"end":{}}],"line":60},"5":{"loc":{"start":{"line":60,"column":5},"end":{"line":60,"column":65}},"type":"binary-expr","locations":[{"start":{"line":60,"column":5},"end":{"line":60,"column":20}},{"start":{"line":60,"column":20},"end":{"line":60,"column":65}}],"line":60},"6":{"loc":{"start":{"line":65,"column":1},"end":{"line":70,"column":null}},"type":"if","locations":[{"start":{"line":65,"column":1},"end":{"line":70,"column":null}},{"start":{"line":68,"column":8},"end":{"line":70,"column":null}}],"line":65},"7":{"loc":{"start":{"line":66,"column":15},"end":{"line":66,"column":null}},"type":"binary-expr","locations":[{"start":{"line":66,"column":15},"end":{"line":66,"column":42}},{"start":{"line":66,"column":42},"end":{"line":66,"column":null}}],"line":66},"8":{"loc":{"start":{"line":74,"column":1},"end":{"line":87,"column":null}},"type":"if","locations":[{"start":{"line":74,"column":1},"end":{"line":87,"column":null}},{"start":{},"end":{}}],"line":74},"9":{"loc":{"start":{"line":77,"column":8},"end":{"line":77,"column":35}},"type":"binary-expr","locations":[{"start":{"line":77,"column":8},"end":{"line":77,"column":22}},{"start":{"line":77,"column":22},"end":{"line":77,"column":35}}],"line":77},"10":{"loc":{"start":{"line":78,"column":1},"end":{"line":81,"column":null}},"type":"if","locations":[{"start":{"line":78,"column":1},"end":{"line":81,"column":null}},{"start":{},"end":{}}],"line":78},"11":{"loc":{"start":{"line":84,"column":14},"end":{"line":84,"column":null}},"type":"cond-expr","locations":[{"start":{"line":84,"column":26},"end":{"line":84,"column":61}},{"start":{"line":84,"column":61},"end":{"line":84,"column":null}}],"line":84},"12":{"loc":{"start":{"line":84,"column":26},"end":{"line":84,"column":61}},"type":"binary-expr","locations":[{"start":{"line":84,"column":26},"end":{"line":84,"column":53}},{"start":{"line":84,"column":53},"end":{"line":84,"column":61}}],"line":84},"13":{"loc":{"start":{"line":90,"column":1},"end":{"line":92,"column":null}},"type":"if","locations":[{"start":{"line":90,"column":1},"end":{"line":92,"column":null}},{"start":{},"end":{}}],"line":90},"14":{"loc":{"start":{"line":96,"column":10},"end":{"line":96,"column":87}},"type":"binary-expr","locations":[{"start":{"line":96,"column":10},"end":{"line":96,"column":62}},{"start":{"line":96,"column":62},"end":{"line":96,"column":87}}],"line":96},"15":{"loc":{"start":{"line":96,"column":17},"end":{"line":96,"column":47}},"type":"binary-expr","locations":[{"start":{"line":96,"column":17},"end":{"line":96,"column":37}},{"start":{"line":96,"column":37},"end":{"line":96,"column":47}}],"line":96},"16":{"loc":{"start":{"line":97,"column":18},"end":{"line":97,"column":38}},"type":"binary-expr","locations":[{"start":{"line":97,"column":18},"end":{"line":97,"column":32}},{"start":{"line":97,"column":32},"end":{"line":97,"column":38}}],"line":97},"17":{"loc":{"start":{"line":97,"column":38},"end":{"line":97,"column":54}},"type":"binary-expr","locations":[{"start":{"line":97,"column":38},"end":{"line":97,"column":52}},{"start":{"line":97,"column":52},"end":{"line":97,"column":54}}],"line":97},"18":{"loc":{"start":{"line":107,"column":1},"end":{"line":128,"column":null}},"type":"if","locations":[{"start":{"line":107,"column":1},"end":{"line":128,"column":null}},{"start":{"line":120,"column":8},"end":{"line":128,"column":null}}],"line":107},"19":{"loc":{"start":{"line":108,"column":1},"end":{"line":119,"column":null}},"type":"if","locations":[{"start":{"line":108,"column":1},"end":{"line":119,"column":null}},{"start":{"line":116,"column":8},"end":{"line":119,"column":null}}],"line":108},"20":{"loc":{"start":{"line":109,"column":1},"end":{"line":115,"column":null}},"type":"if","locations":[{"start":{"line":109,"column":1},"end":{"line":115,"column":null}},{"start":{"line":112,"column":8},"end":{"line":115,"column":null}}],"line":109},"21":{"loc":{"start":{"line":121,"column":1},"end":{"line":127,"column":null}},"type":"if","locations":[{"start":{"line":121,"column":1},"end":{"line":127,"column":null}},{"start":{"line":124,"column":8},"end":{"line":127,"column":null}}],"line":121},"22":{"loc":{"start":{"line":121,"column":5},"end":{"line":121,"column":52}},"type":"binary-expr","locations":[{"start":{"line":121,"column":5},"end":{"line":121,"column":27}},{"start":{"line":121,"column":27},"end":{"line":121,"column":52}}],"line":121},"23":{"loc":{"start":{"line":130,"column":17},"end":{"line":130,"column":null}},"type":"cond-expr","locations":[{"start":{"line":130,"column":29},"end":{"line":130,"column":55}},{"start":{"line":130,"column":55},"end":{"line":130,"column":null}}],"line":130},"24":{"loc":{"start":{"line":130,"column":29},"end":{"line":130,"column":55}},"type":"binary-expr","locations":[{"start":{"line":130,"column":29},"end":{"line":130,"column":50}},{"start":{"line":130,"column":50},"end":{"line":130,"column":55}}],"line":130},"25":{"loc":{"start":{"line":131,"column":17},"end":{"line":131,"column":null}},"type":"cond-expr","locations":[{"start":{"line":131,"column":29},"end":{"line":131,"column":55}},{"start":{"line":131,"column":55},"end":{"line":131,"column":null}}],"line":131},"26":{"loc":{"start":{"line":131,"column":29},"end":{"line":131,"column":55}},"type":"binary-expr","locations":[{"start":{"line":131,"column":29},"end":{"line":131,"column":50}},{"start":{"line":131,"column":50},"end":{"line":131,"column":55}}],"line":131}},"s":{"0":1,"1":10,"2":10,"3":10,"4":11,"5":10,"6":1,"7":9,"8":9,"9":9,"10":10,"11":3,"12":3,"13":3,"14":6,"15":6,"16":12,"17":6,"18":5,"19":5,"20":1,"21":8,"22":5,"23":5,"24":5,"25":6,"26":1,"27":1,"28":5,"29":11,"30":5,"31":6,"32":7,"33":1,"34":6,"35":15,"36":7,"37":6,"38":8,"39":6,"40":9,"41":6,"42":6,"43":3,"44":2,"45":1,"46":1,"47":1,"48":1,"49":1,"50":1,"51":3,"52":1,"53":1,"54":2,"55":2,"56":6,"57":10,"58":10,"59":10},"f":{"0":10,"1":11,"2":6,"3":12,"4":11,"5":15,"6":7,"7":8,"8":9},"b":{"0":[1,9],"1":[9,6],"2":[3,6],"3":[3,0],"4":[3,0],"5":[3,3],"6":[5,1],"7":[5,3],"8":[5,3],"9":[5,6],"10":[1,5],"11":[1,4],"12":[1,0],"13":[1,6],"14":[15,12],"15":[15,6],"16":[7,0],"17":[7,1],"18":[3,3],"19":[2,1],"20":[1,1],"21":[1,2],"22":[3,2],"23":[4,2],"24":[4,0],"25":[3,3],"26":[3,0]},"meta":{"lastBranch":27,"lastFunction":9,"lastStatement":60,"seen":{"s:39:35:137:Infinity":0,"f:39:35:39:Infinity":0,"s:45:18:45:Infinity":1,"s:46:16:46:Infinity":2,"s:47:20:47:Infinity":3,"f:47:34:47:35":1,"s:47:41:47:58":4,"b:49:1:49:Infinity:undefined:undefined:undefined:undefined":0,"s:49:1:49:Infinity":5,"s:49:18:49:Infinity":6,"s:52:34:52:Infinity":7,"s:53:47:53:Infinity":8,"s:54:18:54:Infinity":9,"b:54:18:54:40:54:40:54:Infinity":1,"b:56:1:71:Infinity:63:8:71:Infinity":2,"s:56:1:71:Infinity":10,"s:57:1:57:Infinity":11,"b:57:16:57:48:57:48:57:Infinity":3,"s:58:1:58:Infinity":12,"b:60:1:62:Infinity:undefined:undefined:undefined:undefined":4,"s:60:1:62:Infinity":13,"b:60:5:60:20:60:20:60:65":5,"f:60:35:60:36":2,"s:60:42:60:62":14,"s:64:18:64:Infinity":15,"f:64:32:64:33":3,"s:64:39:64:54":16,"b:65:1:70:Infinity:68:8:70:Infinity":6,"s:65:1:70:Infinity":17,"s:66:1:66:Infinity":18,"b:66:15:66:42:66:42:66:Infinity":7,"s:67:1:67:Infinity":19,"s:69:1:69:Infinity":20,"b:74:1:87:Infinity:undefined:undefined:undefined:undefined":8,"s:74:1:87:Infinity":21,"s:75:33:75:Infinity":22,"s:76:13:76:Infinity":23,"s:77:1:86:Infinity":24,"b:77:8:77:22:77:22:77:35":9,"b:78:1:81:Infinity:undefined:undefined:undefined:undefined":10,"s:78:1:81:Infinity":25,"s:79:1:79:Infinity":26,"s:80:1:80:Infinity":27,"s:83:18:83:Infinity":28,"f:83:32:83:33":4,"s:83:39:83:58":29,"s:84:1:84:Infinity":30,"b:84:26:84:61:84:61:84:Infinity":11,"b:84:26:84:53:84:53:84:61":12,"s:85:1:85:Infinity":31,"b:90:1:92:Infinity:undefined:undefined:undefined:undefined":13,"s:90:1:92:Infinity":32,"s:91:1:91:Infinity":33,"s:95:18:97:Infinity":34,"f:96:9:96:10":5,"s:96:10:96:87":35,"b:96:10:96:62:96:62:96:87":14,"b:96:17:96:37:96:37:96:47":15,"f:97:7:97:8":6,"s:97:11:97:54":36,"b:97:18:97:32:97:32:97:38":16,"b:97:38:97:52:97:52:97:54":17,"s:99:21:99:Infinity":37,"f:99:40:99:41":7,"s:99:47:99:64":38,"s:100:19:100:Infinity":39,"f:100:38:100:39":8,"s:100:45:100:60":40,"s:105:25:105:Infinity":41,"b:107:1:128:Infinity:120:8:128:Infinity":18,"s:107:1:128:Infinity":42,"b:108:1:119:Infinity:116:8:119:Infinity":19,"s:108:1:119:Infinity":43,"b:109:1:115:Infinity:112:8:115:Infinity":20,"s:109:1:115:Infinity":44,"s:110:1:110:Infinity":45,"s:111:1:111:Infinity":46,"s:113:1:113:Infinity":47,"s:114:1:114:Infinity":48,"s:117:1:117:Infinity":49,"s:118:1:118:Infinity":50,"b:121:1:127:Infinity:124:8:127:Infinity":21,"s:121:1:127:Infinity":51,"b:121:5:121:27:121:27:121:52":22,"s:122:1:122:Infinity":52,"s:123:1:123:Infinity":53,"s:125:1:125:Infinity":54,"s:126:1:126:Infinity":55,"s:130:17:130:Infinity":56,"b:130:29:130:55:130:55:130:Infinity":23,"b:130:29:130:50:130:50:130:55":24,"s:131:17:131:Infinity":57,"b:131:29:131:55:131:55:131:Infinity":25,"b:131:29:131:50:131:50:131:55":26,"s:134:7:134:Infinity":58,"s:136:1:136:Infinity":59}}}
,"/home/joel/PlanterPlan/PlanterPlan-Alpha/PlanterPlan-Alpha/src/features/tasks/lib/drag/positionService.ts": {"path":"/home/joel/PlanterPlan/PlanterPlan-Alpha/PlanterPlan-Alpha/src/features/tasks/lib/drag/positionService.ts","statementMap":{"0":{"start":{"line":4,"column":16},"end":{"line":4,"column":null}},"1":{"start":{"line":10,"column":36},"end":{"line":23,"column":null}},"2":{"start":{"line":14,"column":18},"end":{"line":14,"column":null}},"3":{"start":{"line":15,"column":17},"end":{"line":15,"column":null}},"4":{"start":{"line":16,"column":14},"end":{"line":16,"column":null}},"5":{"start":{"line":18,"column":1},"end":{"line":20,"column":null}},"6":{"start":{"line":19,"column":1},"end":{"line":19,"column":null}},"7":{"start":{"line":22,"column":1},"end":{"line":22,"column":null}},"8":{"start":{"line":37,"column":36},"end":{"line":73,"column":null}},"9":{"start":{"line":42,"column":42},"end":{"line":46,"column":null}},"10":{"start":{"line":48,"column":15},"end":{"line":48,"column":null}},"11":{"start":{"line":49,"column":1},"end":{"line":49,"column":null}},"12":{"start":{"line":49,"column":13},"end":{"line":49,"column":null}},"13":{"start":{"line":51,"column":2},"end":{"line":53,"column":null}},"14":{"start":{"line":52,"column":5},"end":{"line":52,"column":null}},"15":{"start":{"line":55,"column":23},"end":{"line":58,"column":null}},"16":{"start":{"line":55,"column":86},"end":{"line":58,"column":3}},"17":{"start":{"line":60,"column":18},"end":{"line":63,"column":null}},"18":{"start":{"line":60,"column":56},"end":{"line":63,"column":3}},"19":{"start":{"line":65,"column":32},"end":{"line":65,"column":null}},"20":{"start":{"line":67,"column":1},"end":{"line":70,"column":null}},"21":{"start":{"line":68,"column":1},"end":{"line":68,"column":null}},"22":{"start":{"line":69,"column":1},"end":{"line":69,"column":null}},"23":{"start":{"line":72,"column":1},"end":{"line":72,"column":null}},"24":{"start":{"line":78,"column":34},"end":{"line":94,"column":null}},"25":{"start":{"line":83,"column":17},"end":{"line":86,"column":null}},"26":{"start":{"line":88,"column":1},"end":{"line":93,"column":null}},"27":{"start":{"line":89,"column":1},"end":{"line":89,"column":null}},"28":{"start":{"line":91,"column":1},"end":{"line":91,"column":null}},"29":{"start":{"line":92,"column":1},"end":{"line":92,"column":null}},"30":{"start":{"line":99,"column":32},"end":{"line":112,"column":null}},"31":{"start":{"line":100,"column":1},"end":{"line":100,"column":null}},"32":{"start":{"line":100,"column":39},"end":{"line":100,"column":null}},"33":{"start":{"line":102,"column":1},"end":{"line":111,"column":null}},"34":{"start":{"line":103,"column":24},"end":{"line":105,"column":null}},"35":{"start":{"line":104,"column":1},"end":{"line":104,"column":null}},"36":{"start":{"line":107,"column":1},"end":{"line":107,"column":null}},"37":{"start":{"line":109,"column":1},"end":{"line":109,"column":null}},"38":{"start":{"line":110,"column":1},"end":{"line":110,"column":null}}},"fnMap":{"0":{"name":"(anonymous_0)","decl":{"start":{"line":10,"column":36},"end":{"line":10,"column":null}},"loc":{"start":{"line":13,"column":20},"end":{"line":23,"column":null}},"line":13},"1":{"name":"(anonymous_1)","decl":{"start":{"line":37,"column":36},"end":{"line":37,"column":null}},"loc":{"start":{"line":41,"column":41},"end":{"line":73,"column":null}},"line":41},"2":{"name":"(anonymous_2)","decl":{"start":{"line":52,"column":1},"end":{"line":52,"column":2}},"loc":{"start":{"line":52,"column":5},"end":{"line":52,"column":null}},"line":52},"3":{"name":"(anonymous_3)","decl":{"start":{"line":55,"column":68},"end":{"line":55,"column":69}},"loc":{"start":{"line":55,"column":86},"end":{"line":58,"column":3}},"line":55},"4":{"name":"(anonymous_4)","decl":{"start":{"line":60,"column":45},"end":{"line":60,"column":46}},"loc":{"start":{"line":60,"column":56},"end":{"line":63,"column":3}},"line":60},"5":{"name":"(anonymous_5)","decl":{"start":{"line":78,"column":34},"end":{"line":78,"column":null}},"loc":{"start":{"line":82,"column":20},"end":{"line":94,"column":null}},"line":82},"6":{"name":"(anonymous_6)","decl":{"start":{"line":99,"column":32},"end":{"line":99,"column":39}},"loc":{"start":{"line":99,"column":88},"end":{"line":112,"column":null}},"line":99},"7":{"name":"(anonymous_7)","decl":{"start":{"line":103,"column":36},"end":{"line":103,"column":37}},"loc":{"start":{"line":104,"column":1},"end":{"line":104,"column":null}},"line":104}},"branchMap":{"0":{"loc":{"start":{"line":14,"column":25},"end":{"line":14,"column":37}},"type":"binary-expr","locations":[{"start":{"line":14,"column":25},"end":{"line":14,"column":36}},{"start":{"line":14,"column":36},"end":{"line":14,"column":37}}],"line":14},"1":{"loc":{"start":{"line":15,"column":17},"end":{"line":15,"column":null}},"type":"binary-expr","locations":[{"start":{"line":15,"column":17},"end":{"line":15,"column":42}},{"start":{"line":15,"column":42},"end":{"line":15,"column":null}}],"line":15},"2":{"loc":{"start":{"line":16,"column":14},"end":{"line":16,"column":null}},"type":"cond-expr","locations":[{"start":{"line":16,"column":24},"end":{"line":16,"column":42}},{"start":{"line":16,"column":42},"end":{"line":16,"column":null}}],"line":16},"3":{"loc":{"start":{"line":18,"column":1},"end":{"line":20,"column":null}},"type":"if","locations":[{"start":{"line":18,"column":1},"end":{"line":20,"column":null}},{"start":{},"end":{}}],"line":18},"4":{"loc":{"start":{"line":45,"column":17},"end":{"line":45,"column":null}},"type":"binary-expr","locations":[{"start":{"line":45,"column":17},"end":{"line":45,"column":29}},{"start":{"line":45,"column":29},"end":{"line":45,"column":null}}],"line":45},"5":{"loc":{"start":{"line":49,"column":1},"end":{"line":49,"column":null}},"type":"if","locations":[{"start":{"line":49,"column":1},"end":{"line":49,"column":null}},{"start":{},"end":{}}],"line":49},"6":{"loc":{"start":{"line":52,"column":13},"end":{"line":52,"column":45}},"type":"binary-expr","locations":[{"start":{"line":52,"column":13},"end":{"line":52,"column":38}},{"start":{"line":52,"column":38},"end":{"line":52,"column":45}}],"line":52},"7":{"loc":{"start":{"line":52,"column":45},"end":{"line":52,"column":null}},"type":"binary-expr","locations":[{"start":{"line":52,"column":45},"end":{"line":52,"column":70}},{"start":{"line":52,"column":70},"end":{"line":52,"column":null}}],"line":52},"8":{"loc":{"start":{"line":67,"column":1},"end":{"line":70,"column":null}},"type":"if","locations":[{"start":{"line":67,"column":1},"end":{"line":70,"column":null}},{"start":{},"end":{}}],"line":67},"9":{"loc":{"start":{"line":100,"column":1},"end":{"line":100,"column":null}},"type":"if","locations":[{"start":{"line":100,"column":1},"end":{"line":100,"column":null}},{"start":{},"end":{}}],"line":100},"10":{"loc":{"start":{"line":100,"column":5},"end":{"line":100,"column":39}},"type":"binary-expr","locations":[{"start":{"line":100,"column":5},"end":{"line":100,"column":17}},{"start":{"line":100,"column":17},"end":{"line":100,"column":39}}],"line":100}},"s":{"0":2,"1":2,"2":14,"3":14,"4":14,"5":14,"6":2,"7":12,"8":2,"9":0,"10":0,"11":0,"12":0,"13":0,"14":0,"15":0,"16":0,"17":0,"18":0,"19":0,"20":0,"21":0,"22":0,"23":0,"24":2,"25":0,"26":0,"27":0,"28":0,"29":0,"30":2,"31":0,"32":0,"33":0,"34":0,"35":0,"36":0,"37":0,"38":0},"f":{"0":14,"1":0,"2":0,"3":0,"4":0,"5":0,"6":0,"7":0},"b":{"0":[14,3],"1":[14,13],"2":[8,6],"3":[2,12],"4":[0,0],"5":[0,0],"6":[0,0],"7":[0,0],"8":[0,0],"9":[0,0],"10":[0,0]},"meta":{"lastBranch":11,"lastFunction":8,"lastStatement":39,"seen":{"s:4:16:4:Infinity":0,"s:10:36:23:Infinity":1,"f:10:36:10:Infinity":0,"s:14:18:14:Infinity":2,"b:14:25:14:36:14:36:14:37":0,"s:15:17:15:Infinity":3,"b:15:17:15:42:15:42:15:Infinity":1,"s:16:14:16:Infinity":4,"b:16:24:16:42:16:42:16:Infinity":2,"b:18:1:20:Infinity:undefined:undefined:undefined:undefined":3,"s:18:1:20:Infinity":5,"s:19:1:19:Infinity":6,"s:22:1:22:Infinity":7,"s:37:36:73:Infinity":8,"f:37:36:37:Infinity":1,"s:42:42:46:Infinity":9,"b:45:17:45:29:45:29:45:Infinity":4,"s:48:15:48:Infinity":10,"b:49:1:49:Infinity:undefined:undefined:undefined:undefined":5,"s:49:1:49:Infinity":11,"s:49:13:49:Infinity":12,"s:51:2:53:Infinity":13,"f:52:1:52:2":2,"s:52:5:52:Infinity":14,"b:52:13:52:38:52:38:52:45":6,"b:52:45:52:70:52:70:52:Infinity":7,"s:55:23:58:Infinity":15,"f:55:68:55:69":3,"s:55:86:58:3":16,"s:60:18:63:Infinity":17,"f:60:45:60:46":4,"s:60:56:63:3":18,"s:65:32:65:Infinity":19,"b:67:1:70:Infinity:undefined:undefined:undefined:undefined":8,"s:67:1:70:Infinity":20,"s:68:1:68:Infinity":21,"s:69:1:69:Infinity":22,"s:72:1:72:Infinity":23,"s:78:34:94:Infinity":24,"f:78:34:78:Infinity":5,"s:83:17:86:Infinity":25,"s:88:1:93:Infinity":26,"s:89:1:89:Infinity":27,"s:91:1:91:Infinity":28,"s:92:1:92:Infinity":29,"s:99:32:112:Infinity":30,"f:99:32:99:39":6,"b:100:1:100:Infinity:undefined:undefined:undefined:undefined":9,"s:100:1:100:Infinity":31,"b:100:5:100:17:100:17:100:39":10,"s:100:39:100:Infinity":32,"s:102:1:111:Infinity":33,"s:103:24:105:Infinity":34,"f:103:36:103:37":7,"s:104:1:104:Infinity":35,"s:107:1:107:Infinity":36,"s:109:1:109:Infinity":37,"s:110:1:110:Infinity":38}}}
,"/home/joel/PlanterPlan/PlanterPlan-Alpha/PlanterPlan-Alpha/src/shared/api/planterClient.ts": {"path":"/home/joel/PlanterPlan/PlanterPlan-Alpha/PlanterPlan-Alpha/src/shared/api/planterClient.ts","statementMap":{"0":{"start":{"line":30,"column":1},"end":{"line":30,"column":null}},"1":{"start":{"line":29,"column":37},"end":{"line":29,"column":61}},"2":{"start":{"line":29,"column":61},"end":{"line":29,"column":81}},"3":{"start":{"line":31,"column":1},"end":{"line":31,"column":null}},"4":{"start":{"line":95,"column":27},"end":{"line":181,"column":null}},"5":{"start":{"line":95,"column":121},"end":{"line":181,"column":null}},"6":{"start":{"line":97,"column":1},"end":{"line":103,"column":null}},"7":{"start":{"line":98,"column":13},"end":{"line":98,"column":null}},"8":{"start":{"line":99,"column":1},"end":{"line":99,"column":null}},"9":{"start":{"line":99,"column":20},"end":{"line":99,"column":null}},"10":{"start":{"line":100,"column":25},"end":{"line":100,"column":null}},"11":{"start":{"line":101,"column":1},"end":{"line":101,"column":null}},"12":{"start":{"line":101,"column":12},"end":{"line":101,"column":null}},"13":{"start":{"line":102,"column":1},"end":{"line":102,"column":null}},"14":{"start":{"line":106,"column":1},"end":{"line":112,"column":null}},"15":{"start":{"line":107,"column":13},"end":{"line":107,"column":null}},"16":{"start":{"line":108,"column":1},"end":{"line":108,"column":null}},"17":{"start":{"line":108,"column":20},"end":{"line":108,"column":null}},"18":{"start":{"line":109,"column":25},"end":{"line":109,"column":null}},"19":{"start":{"line":110,"column":1},"end":{"line":110,"column":null}},"20":{"start":{"line":110,"column":12},"end":{"line":110,"column":null}},"21":{"start":{"line":111,"column":1},"end":{"line":111,"column":null}},"22":{"start":{"line":115,"column":1},"end":{"line":121,"column":null}},"23":{"start":{"line":116,"column":13},"end":{"line":116,"column":null}},"24":{"start":{"line":117,"column":1},"end":{"line":117,"column":null}},"25":{"start":{"line":117,"column":20},"end":{"line":117,"column":null}},"26":{"start":{"line":118,"column":25},"end":{"line":118,"column":null}},"27":{"start":{"line":119,"column":1},"end":{"line":119,"column":null}},"28":{"start":{"line":119,"column":12},"end":{"line":119,"column":null}},"29":{"start":{"line":120,"column":1},"end":{"line":120,"column":null}},"30":{"start":{"line":124,"column":1},"end":{"line":130,"column":null}},"31":{"start":{"line":125,"column":13},"end":{"line":125,"column":null}},"32":{"start":{"line":126,"column":1},"end":{"line":126,"column":null}},"33":{"start":{"line":126,"column":20},"end":{"line":126,"column":null}},"34":{"start":{"line":127,"column":25},"end":{"line":127,"column":null}},"35":{"start":{"line":128,"column":1},"end":{"line":128,"column":null}},"36":{"start":{"line":128,"column":12},"end":{"line":128,"column":null}},"37":{"start":{"line":129,"column":1},"end":{"line":129,"column":null}},"38":{"start":{"line":133,"column":1},"end":{"line":139,"column":null}},"39":{"start":{"line":134,"column":13},"end":{"line":134,"column":null}},"40":{"start":{"line":135,"column":1},"end":{"line":135,"column":null}},"41":{"start":{"line":135,"column":20},"end":{"line":135,"column":null}},"42":{"start":{"line":136,"column":19},"end":{"line":136,"column":null}},"43":{"start":{"line":137,"column":1},"end":{"line":137,"column":null}},"44":{"start":{"line":137,"column":12},"end":{"line":137,"column":null}},"45":{"start":{"line":138,"column":1},"end":{"line":138,"column":null}},"46":{"start":{"line":142,"column":1},"end":{"line":157,"column":null}},"47":{"start":{"line":143,"column":13},"end":{"line":143,"column":null}},"48":{"start":{"line":144,"column":1},"end":{"line":144,"column":null}},"49":{"start":{"line":144,"column":20},"end":{"line":144,"column":null}},"50":{"start":{"line":146,"column":1},"end":{"line":152,"column":null}},"51":{"start":{"line":147,"column":1},"end":{"line":151,"column":null}},"52":{"start":{"line":148,"column":1},"end":{"line":148,"column":null}},"53":{"start":{"line":150,"column":1},"end":{"line":150,"column":null}},"54":{"start":{"line":154,"column":25},"end":{"line":154,"column":null}},"55":{"start":{"line":155,"column":1},"end":{"line":155,"column":null}},"56":{"start":{"line":155,"column":12},"end":{"line":155,"column":null}},"57":{"start":{"line":156,"column":1},"end":{"line":156,"column":null}},"58":{"start":{"line":160,"column":1},"end":{"line":166,"column":null}},"59":{"start":{"line":161,"column":13},"end":{"line":161,"column":null}},"60":{"start":{"line":162,"column":1},"end":{"line":162,"column":null}},"61":{"start":{"line":162,"column":20},"end":{"line":162,"column":null}},"62":{"start":{"line":163,"column":25},"end":{"line":163,"column":null}},"63":{"start":{"line":164,"column":1},"end":{"line":164,"column":null}},"64":{"start":{"line":164,"column":12},"end":{"line":164,"column":null}},"65":{"start":{"line":165,"column":1},"end":{"line":165,"column":null}},"66":{"start":{"line":169,"column":1},"end":{"line":179,"column":null}},"67":{"start":{"line":170,"column":20},"end":{"line":170,"column":null}},"68":{"start":{"line":171,"column":13},"end":{"line":174,"column":null}},"69":{"start":{"line":175,"column":1},"end":{"line":175,"column":null}},"70":{"start":{"line":175,"column":21},"end":{"line":175,"column":null}},"71":{"start":{"line":176,"column":25},"end":{"line":176,"column":null}},"72":{"start":{"line":177,"column":1},"end":{"line":177,"column":null}},"73":{"start":{"line":177,"column":12},"end":{"line":177,"column":null}},"74":{"start":{"line":178,"column":1},"end":{"line":178,"column":null}},"75":{"start":{"line":187,"column":38},"end":{"line":618,"column":null}},"76":{"start":{"line":190,"column":1},"end":{"line":200,"column":null}},"77":{"start":{"line":191,"column":35},"end":{"line":191,"column":null}},"78":{"start":{"line":192,"column":1},"end":{"line":195,"column":null}},"79":{"start":{"line":193,"column":1},"end":{"line":193,"column":null}},"80":{"start":{"line":194,"column":1},"end":{"line":194,"column":null}},"81":{"start":{"line":196,"column":1},"end":{"line":196,"column":null}},"82":{"start":{"line":198,"column":1},"end":{"line":198,"column":null}},"83":{"start":{"line":199,"column":1},"end":{"line":199,"column":null}},"84":{"start":{"line":203,"column":1},"end":{"line":203,"column":null}},"85":{"start":{"line":206,"column":1},"end":{"line":212,"column":null}},"86":{"start":{"line":207,"column":25},"end":{"line":209,"column":null}},"87":{"start":{"line":210,"column":1},"end":{"line":210,"column":null}},"88":{"start":{"line":210,"column":12},"end":{"line":210,"column":null}},"89":{"start":{"line":211,"column":1},"end":{"line":211,"column":null}},"90":{"start":{"line":215,"column":1},"end":{"line":221,"column":null}},"91":{"start":{"line":216,"column":25},"end":{"line":218,"column":null}},"92":{"start":{"line":219,"column":1},"end":{"line":219,"column":null}},"93":{"start":{"line":219,"column":12},"end":{"line":219,"column":null}},"94":{"start":{"line":220,"column":1},"end":{"line":220,"column":null}},"95":{"start":{"line":228,"column":1},"end":{"line":238,"column":null}},"96":{"start":{"line":229,"column":25},"end":{"line":234,"column":null}},"97":{"start":{"line":236,"column":1},"end":{"line":236,"column":null}},"98":{"start":{"line":236,"column":12},"end":{"line":236,"column":null}},"99":{"start":{"line":237,"column":1},"end":{"line":237,"column":null}},"100":{"start":{"line":241,"column":1},"end":{"line":302,"column":null}},"101":{"start":{"line":242,"column":14},"end":{"line":242,"column":null}},"102":{"start":{"line":244,"column":1},"end":{"line":255,"column":null}},"103":{"start":{"line":245,"column":1},"end":{"line":254,"column":null}},"104":{"start":{"line":246,"column":35},"end":{"line":246,"column":null}},"105":{"start":{"line":247,"column":1},"end":{"line":251,"column":null}},"106":{"start":{"line":248,"column":1},"end":{"line":248,"column":null}},"107":{"start":{"line":249,"column":1},"end":{"line":251,"column":null}},"108":{"start":{"line":250,"column":1},"end":{"line":250,"column":null}},"109":{"start":{"line":253,"column":1},"end":{"line":253,"column":null}},"110":{"start":{"line":257,"column":1},"end":{"line":257,"column":null}},"111":{"start":{"line":257,"column":14},"end":{"line":257,"column":null}},"112":{"start":{"line":259,"column":21},"end":{"line":259,"column":null}},"113":{"start":{"line":260,"column":1},"end":{"line":262,"column":null}},"114":{"start":{"line":261,"column":1},"end":{"line":261,"column":null}},"115":{"start":{"line":264,"column":21},"end":{"line":273,"column":null}},"116":{"start":{"line":275,"column":25},"end":{"line":278,"column":null}},"117":{"start":{"line":280,"column":1},"end":{"line":280,"column":null}},"118":{"start":{"line":280,"column":12},"end":{"line":280,"column":null}},"119":{"start":{"line":281,"column":18},"end":{"line":281,"column":null}},"120":{"start":{"line":283,"column":1},"end":{"line":285,"column":null}},"121":{"start":{"line":284,"column":1},"end":{"line":284,"column":null}},"122":{"start":{"line":287,"column":1},"end":{"line":299,"column":null}},"123":{"start":{"line":288,"column":29},"end":{"line":291,"column":null}},"124":{"start":{"line":292,"column":1},"end":{"line":292,"column":null}},"125":{"start":{"line":292,"column":15},"end":{"line":292,"column":null}},"126":{"start":{"line":294,"column":1},"end":{"line":294,"column":null}},"127":{"start":{"line":295,"column":1},"end":{"line":297,"column":null}},"128":{"start":{"line":296,"column":1},"end":{"line":296,"column":null}},"129":{"start":{"line":298,"column":1},"end":{"line":298,"column":null}},"130":{"start":{"line":301,"column":1},"end":{"line":301,"column":null}},"131":{"start":{"line":305,"column":1},"end":{"line":339,"column":null}},"132":{"start":{"line":306,"column":38},"end":{"line":310,"column":null}},"133":{"start":{"line":312,"column":1},"end":{"line":312,"column":null}},"134":{"start":{"line":312,"column":11},"end":{"line":312,"column":null}},"135":{"start":{"line":313,"column":17},"end":{"line":313,"column":null}},"136":{"start":{"line":314,"column":1},"end":{"line":314,"column":null}},"137":{"start":{"line":314,"column":15},"end":{"line":314,"column":null}},"138":{"start":{"line":316,"column":38},"end":{"line":319,"column":null}},"139":{"start":{"line":321,"column":1},"end":{"line":321,"column":null}},"140":{"start":{"line":321,"column":11},"end":{"line":321,"column":null}},"141":{"start":{"line":322,"column":19},"end":{"line":322,"column":null}},"142":{"start":{"line":324,"column":20},"end":{"line":324,"column":null}},"143":{"start":{"line":325,"column":24},"end":{"line":325,"column":null}},"144":{"start":{"line":325,"column":45},"end":{"line":325,"column":58}},"145":{"start":{"line":327,"column":1},"end":{"line":338,"column":null}},"146":{"start":{"line":342,"column":1},"end":{"line":359,"column":null}},"147":{"start":{"line":343,"column":7},"end":{"line":343,"column":null}},"148":{"start":{"line":344,"column":12},"end":{"line":344,"column":null}},"149":{"start":{"line":346,"column":13},"end":{"line":353,"column":null}},"150":{"start":{"line":355,"column":1},"end":{"line":355,"column":null}},"151":{"start":{"line":355,"column":22},"end":{"line":355,"column":null}},"152":{"start":{"line":356,"column":25},"end":{"line":356,"column":null}},"153":{"start":{"line":357,"column":1},"end":{"line":357,"column":null}},"154":{"start":{"line":357,"column":12},"end":{"line":357,"column":null}},"155":{"start":{"line":358,"column":1},"end":{"line":358,"column":null}},"156":{"start":{"line":362,"column":1},"end":{"line":376,"column":null}},"157":{"start":{"line":363,"column":1},"end":{"line":375,"column":null}},"158":{"start":{"line":364,"column":25},"end":{"line":369,"column":null}},"159":{"start":{"line":371,"column":1},"end":{"line":371,"column":null}},"160":{"start":{"line":371,"column":12},"end":{"line":371,"column":null}},"161":{"start":{"line":372,"column":1},"end":{"line":372,"column":null}},"162":{"start":{"line":374,"column":1},"end":{"line":374,"column":null}},"163":{"start":{"line":379,"column":1},"end":{"line":394,"column":null}},"164":{"start":{"line":380,"column":13},"end":{"line":384,"column":null}},"165":{"start":{"line":386,"column":1},"end":{"line":389,"column":null}},"166":{"start":{"line":387,"column":1},"end":{"line":388,"column":null}},"167":{"start":{"line":387,"column":19},"end":{"line":387,"column":null}},"168":{"start":{"line":388,"column":6},"end":{"line":388,"column":null}},"169":{"start":{"line":391,"column":25},"end":{"line":391,"column":null}},"170":{"start":{"line":392,"column":1},"end":{"line":392,"column":null}},"171":{"start":{"line":392,"column":12},"end":{"line":392,"column":null}},"172":{"start":{"line":393,"column":1},"end":{"line":393,"column":null}},"173":{"start":{"line":397,"column":25},"end":{"line":400,"column":null}},"174":{"start":{"line":402,"column":1},"end":{"line":402,"column":null}},"175":{"start":{"line":402,"column":12},"end":{"line":402,"column":null}},"176":{"start":{"line":403,"column":1},"end":{"line":403,"column":null}},"177":{"start":{"line":406,"column":1},"end":{"line":415,"column":null}},"178":{"start":{"line":408,"column":25},"end":{"line":412,"column":null}},"179":{"start":{"line":413,"column":1},"end":{"line":413,"column":null}},"180":{"start":{"line":413,"column":12},"end":{"line":413,"column":null}},"181":{"start":{"line":414,"column":1},"end":{"line":414,"column":null}},"182":{"start":{"line":426,"column":1},"end":{"line":468,"column":null}},"183":{"start":{"line":427,"column":20},"end":{"line":427,"column":null}},"184":{"start":{"line":428,"column":1},"end":{"line":428,"column":null}},"185":{"start":{"line":428,"column":18},"end":{"line":428,"column":null}},"186":{"start":{"line":430,"column":23},"end":{"line":430,"column":null}},"187":{"start":{"line":431,"column":22},"end":{"line":431,"column":null}},"188":{"start":{"line":433,"column":26},"end":{"line":433,"column":null}},"189":{"start":{"line":434,"column":1},"end":{"line":442,"column":null}},"190":{"start":{"line":435,"column":1},"end":{"line":435,"column":null}},"191":{"start":{"line":435,"column":24},"end":{"line":435,"column":null}},"192":{"start":{"line":436,"column":12},"end":{"line":436,"column":null}},"193":{"start":{"line":437,"column":1},"end":{"line":440,"column":null}},"194":{"start":{"line":438,"column":1},"end":{"line":438,"column":null}},"195":{"start":{"line":439,"column":1},"end":{"line":439,"column":null}},"196":{"start":{"line":441,"column":1},"end":{"line":441,"column":null}},"197":{"start":{"line":444,"column":29},"end":{"line":444,"column":null}},"198":{"start":{"line":445,"column":15},"end":{"line":445,"column":null}},"199":{"start":{"line":446,"column":17},"end":{"line":446,"column":null}},"200":{"start":{"line":448,"column":18},"end":{"line":448,"column":null}},"201":{"start":{"line":448,"column":43},"end":{"line":448,"column":58}},"202":{"start":{"line":449,"column":1},"end":{"line":449,"column":null}},"203":{"start":{"line":449,"column":15},"end":{"line":449,"column":null}},"204":{"start":{"line":451,"column":1},"end":{"line":462,"column":null}},"205":{"start":{"line":452,"column":19},"end":{"line":452,"column":null}},"206":{"start":{"line":453,"column":18},"end":{"line":453,"column":null}},"207":{"start":{"line":455,"column":1},"end":{"line":461,"column":null}},"208":{"start":{"line":456,"column":1},"end":{"line":460,"column":null}},"209":{"start":{"line":457,"column":1},"end":{"line":457,"column":null}},"210":{"start":{"line":458,"column":1},"end":{"line":458,"column":null}},"211":{"start":{"line":459,"column":1},"end":{"line":459,"column":null}},"212":{"start":{"line":464,"column":1},"end":{"line":464,"column":null}},"213":{"start":{"line":466,"column":1},"end":{"line":466,"column":null}},"214":{"start":{"line":467,"column":1},"end":{"line":467,"column":null}},"215":{"start":{"line":471,"column":1},"end":{"line":490,"column":null}},"216":{"start":{"line":472,"column":14},"end":{"line":472,"column":null}},"217":{"start":{"line":474,"column":1},"end":{"line":485,"column":null}},"218":{"start":{"line":475,"column":18},"end":{"line":475,"column":null}},"219":{"start":{"line":476,"column":1},"end":{"line":484,"column":null}},"220":{"start":{"line":477,"column":15},"end":{"line":477,"column":null}},"221":{"start":{"line":478,"column":1},"end":{"line":483,"column":null}},"222":{"start":{"line":478,"column":14},"end":{"line":478,"column":17}},"223":{"start":{"line":479,"column":15},"end":{"line":479,"column":null}},"224":{"start":{"line":480,"column":1},"end":{"line":482,"column":null}},"225":{"start":{"line":481,"column":23},"end":{"line":481,"column":101}},"226":{"start":{"line":486,"column":1},"end":{"line":486,"column":null}},"227":{"start":{"line":488,"column":1},"end":{"line":488,"column":null}},"228":{"start":{"line":489,"column":1},"end":{"line":489,"column":null}},"229":{"start":{"line":493,"column":1},"end":{"line":493,"column":null}},"230":{"start":{"line":493,"column":16},"end":{"line":493,"column":null}},"231":{"start":{"line":494,"column":1},"end":{"line":509,"column":null}},"232":{"start":{"line":495,"column":18},"end":{"line":495,"column":null}},"233":{"start":{"line":496,"column":30},"end":{"line":496,"column":null}},"234":{"start":{"line":498,"column":16},"end":{"line":502,"column":null}},"235":{"start":{"line":504,"column":1},"end":{"line":506,"column":null}},"236":{"start":{"line":505,"column":1},"end":{"line":505,"column":null}},"237":{"start":{"line":508,"column":1},"end":{"line":508,"column":null}},"238":{"start":{"line":512,"column":1},"end":{"line":532,"column":null}},"239":{"start":{"line":513,"column":44},"end":{"line":518,"column":null}},"240":{"start":{"line":520,"column":1},"end":{"line":520,"column":null}},"241":{"start":{"line":520,"column":36},"end":{"line":520,"column":null}},"242":{"start":{"line":521,"column":1},"end":{"line":521,"column":null}},"243":{"start":{"line":521,"column":42},"end":{"line":521,"column":null}},"244":{"start":{"line":522,"column":1},"end":{"line":522,"column":null}},"245":{"start":{"line":522,"column":41},"end":{"line":522,"column":null}},"246":{"start":{"line":523,"column":1},"end":{"line":523,"column":null}},"247":{"start":{"line":523,"column":39},"end":{"line":523,"column":null}},"248":{"start":{"line":525,"column":25},"end":{"line":525,"column":null}},"249":{"start":{"line":526,"column":1},"end":{"line":526,"column":null}},"250":{"start":{"line":526,"column":12},"end":{"line":526,"column":null}},"251":{"start":{"line":528,"column":1},"end":{"line":528,"column":null}},"252":{"start":{"line":530,"column":1},"end":{"line":530,"column":null}},"253":{"start":{"line":531,"column":1},"end":{"line":531,"column":null}},"254":{"start":{"line":546,"column":1},"end":{"line":564,"column":null}},"255":{"start":{"line":547,"column":13},"end":{"line":547,"column":null}},"256":{"start":{"line":548,"column":13},"end":{"line":554,"column":null}},"257":{"start":{"line":556,"column":1},"end":{"line":558,"column":null}},"258":{"start":{"line":557,"column":1},"end":{"line":557,"column":null}},"259":{"start":{"line":559,"column":1},"end":{"line":559,"column":null}},"260":{"start":{"line":559,"column":13},"end":{"line":559,"column":null}},"261":{"start":{"line":561,"column":25},"end":{"line":561,"column":null}},"262":{"start":{"line":562,"column":1},"end":{"line":562,"column":null}},"263":{"start":{"line":562,"column":12},"end":{"line":562,"column":null}},"264":{"start":{"line":563,"column":1},"end":{"line":563,"column":null}},"265":{"start":{"line":567,"column":1},"end":{"line":588,"column":null}},"266":{"start":{"line":568,"column":7},"end":{"line":568,"column":null}},"267":{"start":{"line":569,"column":1},"end":{"line":569,"column":null}},"268":{"start":{"line":569,"column":18},"end":{"line":569,"column":null}},"269":{"start":{"line":571,"column":17},"end":{"line":571,"column":null}},"270":{"start":{"line":572,"column":9},"end":{"line":578,"column":null}},"271":{"start":{"line":580,"column":1},"end":{"line":582,"column":null}},"272":{"start":{"line":581,"column":1},"end":{"line":581,"column":null}},"273":{"start":{"line":583,"column":1},"end":{"line":583,"column":null}},"274":{"start":{"line":583,"column":13},"end":{"line":583,"column":null}},"275":{"start":{"line":585,"column":25},"end":{"line":585,"column":null}},"276":{"start":{"line":586,"column":1},"end":{"line":586,"column":null}},"277":{"start":{"line":586,"column":12},"end":{"line":586,"column":null}},"278":{"start":{"line":587,"column":1},"end":{"line":587,"column":null}},"279":{"start":{"line":594,"column":1},"end":{"line":594,"column":null}},"280":{"start":{"line":606,"column":1},"end":{"line":616,"column":null}},"281":{"start":{"line":607,"column":1},"end":{"line":615,"column":null}},"282":{"start":{"line":609,"column":25},"end":{"line":609,"column":null}},"283":{"start":{"line":610,"column":1},"end":{"line":610,"column":null}},"284":{"start":{"line":610,"column":12},"end":{"line":610,"column":null}},"285":{"start":{"line":611,"column":1},"end":{"line":611,"column":null}},"286":{"start":{"line":613,"column":1},"end":{"line":613,"column":null}},"287":{"start":{"line":613,"column":36},"end":{"line":613,"column":null}},"288":{"start":{"line":614,"column":1},"end":{"line":614,"column":null}}},"fnMap":{"0":{"name":"(anonymous_0)","decl":{"start":{"line":29,"column":1},"end":{"line":29,"column":13}},"loc":{"start":{"line":29,"column":81},"end":{"line":32,"column":null}},"line":29},"1":{"name":"(anonymous_1)","decl":{"start":{"line":95,"column":27},"end":{"line":95,"column":49}},"loc":{"start":{"line":95,"column":121},"end":{"line":181,"column":null}},"line":95},"2":{"name":"(anonymous_2)","decl":{"start":{"line":96,"column":7},"end":{"line":96,"column":14}},"loc":{"start":{"line":96,"column":23},"end":{"line":104,"column":null}},"line":96},"3":{"name":"(anonymous_3)","decl":{"start":{"line":97,"column":14},"end":{"line":97,"column":26}},"loc":{"start":{"line":97,"column":26},"end":{"line":103,"column":2}},"line":97},"4":{"name":"(anonymous_4)","decl":{"start":{"line":105,"column":6},"end":{"line":105,"column":13}},"loc":{"start":{"line":105,"column":34},"end":{"line":113,"column":null}},"line":105},"5":{"name":"(anonymous_5)","decl":{"start":{"line":106,"column":14},"end":{"line":106,"column":26}},"loc":{"start":{"line":106,"column":26},"end":{"line":112,"column":2}},"line":106},"6":{"name":"(anonymous_6)","decl":{"start":{"line":114,"column":9},"end":{"line":114,"column":16}},"loc":{"start":{"line":114,"column":55},"end":{"line":122,"column":null}},"line":114},"7":{"name":"(anonymous_7)","decl":{"start":{"line":115,"column":14},"end":{"line":115,"column":26}},"loc":{"start":{"line":115,"column":26},"end":{"line":121,"column":2}},"line":115},"8":{"name":"(anonymous_8)","decl":{"start":{"line":123,"column":9},"end":{"line":123,"column":16}},"loc":{"start":{"line":123,"column":55},"end":{"line":131,"column":null}},"line":123},"9":{"name":"(anonymous_9)","decl":{"start":{"line":124,"column":14},"end":{"line":124,"column":26}},"loc":{"start":{"line":124,"column":26},"end":{"line":130,"column":2}},"line":124},"10":{"name":"(anonymous_10)","decl":{"start":{"line":132,"column":9},"end":{"line":132,"column":16}},"loc":{"start":{"line":132,"column":37},"end":{"line":140,"column":null}},"line":132},"11":{"name":"(anonymous_11)","decl":{"start":{"line":133,"column":14},"end":{"line":133,"column":26}},"loc":{"start":{"line":133,"column":26},"end":{"line":139,"column":2}},"line":133},"12":{"name":"(anonymous_12)","decl":{"start":{"line":141,"column":9},"end":{"line":141,"column":16}},"loc":{"start":{"line":141,"column":94},"end":{"line":158,"column":null}},"line":141},"13":{"name":"(anonymous_13)","decl":{"start":{"line":142,"column":14},"end":{"line":142,"column":26}},"loc":{"start":{"line":142,"column":26},"end":{"line":157,"column":2}},"line":142},"14":{"name":"(anonymous_14)","decl":{"start":{"line":146,"column":33},"end":{"line":146,"column":34}},"loc":{"start":{"line":146,"column":49},"end":{"line":152,"column":2}},"line":146},"15":{"name":"(anonymous_15)","decl":{"start":{"line":159,"column":16},"end":{"line":159,"column":23}},"loc":{"start":{"line":159,"column":48},"end":{"line":167,"column":null}},"line":159},"16":{"name":"(anonymous_16)","decl":{"start":{"line":160,"column":14},"end":{"line":160,"column":26}},"loc":{"start":{"line":160,"column":26},"end":{"line":166,"column":2}},"line":160},"17":{"name":"(anonymous_17)","decl":{"start":{"line":168,"column":9},"end":{"line":168,"column":16}},"loc":{"start":{"line":168,"column":138},"end":{"line":180,"column":null}},"line":168},"18":{"name":"(anonymous_18)","decl":{"start":{"line":169,"column":14},"end":{"line":169,"column":26}},"loc":{"start":{"line":169,"column":26},"end":{"line":179,"column":2}},"line":169},"19":{"name":"(anonymous_19)","decl":{"start":{"line":189,"column":5},"end":{"line":189,"column":43}},"loc":{"start":{"line":189,"column":43},"end":{"line":201,"column":null}},"line":189},"20":{"name":"(anonymous_20)","decl":{"start":{"line":202,"column":10},"end":{"line":202,"column":37}},"loc":{"start":{"line":202,"column":37},"end":{"line":204,"column":null}},"line":202},"21":{"name":"(anonymous_21)","decl":{"start":{"line":205,"column":11},"end":{"line":205,"column":18}},"loc":{"start":{"line":205,"column":66},"end":{"line":213,"column":null}},"line":205},"22":{"name":"(anonymous_22)","decl":{"start":{"line":206,"column":14},"end":{"line":206,"column":26}},"loc":{"start":{"line":206,"column":26},"end":{"line":212,"column":2}},"line":206},"23":{"name":"(anonymous_23)","decl":{"start":{"line":214,"column":16},"end":{"line":214,"column":23}},"loc":{"start":{"line":214,"column":71},"end":{"line":222,"column":null}},"line":214},"24":{"name":"(anonymous_24)","decl":{"start":{"line":215,"column":14},"end":{"line":215,"column":26}},"loc":{"start":{"line":215,"column":26},"end":{"line":221,"column":2}},"line":215},"25":{"name":"(anonymous_25)","decl":{"start":{"line":227,"column":7},"end":{"line":227,"column":39}},"loc":{"start":{"line":227,"column":39},"end":{"line":239,"column":null}},"line":227},"26":{"name":"(anonymous_26)","decl":{"start":{"line":228,"column":14},"end":{"line":228,"column":26}},"loc":{"start":{"line":228,"column":26},"end":{"line":238,"column":2}},"line":228},"27":{"name":"(anonymous_27)","decl":{"start":{"line":240,"column":9},"end":{"line":240,"column":16}},"loc":{"start":{"line":240,"column":112},"end":{"line":303,"column":null}},"line":240},"28":{"name":"(anonymous_28)","decl":{"start":{"line":241,"column":14},"end":{"line":241,"column":26}},"loc":{"start":{"line":241,"column":26},"end":{"line":302,"column":2}},"line":241},"29":{"name":"(anonymous_29)","decl":{"start":{"line":304,"column":15},"end":{"line":304,"column":22}},"loc":{"start":{"line":304,"column":189},"end":{"line":340,"column":null}},"line":304},"30":{"name":"(anonymous_30)","decl":{"start":{"line":305,"column":14},"end":{"line":305,"column":26}},"loc":{"start":{"line":305,"column":26},"end":{"line":339,"column":2}},"line":305},"31":{"name":"(anonymous_31)","decl":{"start":{"line":325,"column":40},"end":{"line":325,"column":45}},"loc":{"start":{"line":325,"column":45},"end":{"line":325,"column":58}},"line":325},"32":{"name":"(anonymous_32)","decl":{"start":{"line":341,"column":16},"end":{"line":341,"column":23}},"loc":{"start":{"line":341,"column":123},"end":{"line":360,"column":null}},"line":341},"33":{"name":"(anonymous_33)","decl":{"start":{"line":342,"column":14},"end":{"line":342,"column":26}},"loc":{"start":{"line":342,"column":26},"end":{"line":359,"column":2}},"line":342},"34":{"name":"(anonymous_34)","decl":{"start":{"line":361,"column":13},"end":{"line":361,"column":20}},"loc":{"start":{"line":361,"column":59},"end":{"line":377,"column":null}},"line":361},"35":{"name":"(anonymous_35)","decl":{"start":{"line":362,"column":14},"end":{"line":362,"column":26}},"loc":{"start":{"line":362,"column":26},"end":{"line":376,"column":2}},"line":362},"36":{"name":"(anonymous_36)","decl":{"start":{"line":378,"column":9},"end":{"line":378,"column":16}},"loc":{"start":{"line":378,"column":114},"end":{"line":395,"column":null}},"line":378},"37":{"name":"(anonymous_37)","decl":{"start":{"line":379,"column":14},"end":{"line":379,"column":26}},"loc":{"start":{"line":379,"column":26},"end":{"line":394,"column":2}},"line":379},"38":{"name":"(anonymous_38)","decl":{"start":{"line":386,"column":33},"end":{"line":386,"column":34}},"loc":{"start":{"line":386,"column":49},"end":{"line":389,"column":2}},"line":386},"39":{"name":"(anonymous_39)","decl":{"start":{"line":396,"column":12},"end":{"line":396,"column":19}},"loc":{"start":{"line":396,"column":138},"end":{"line":404,"column":null}},"line":396},"40":{"name":"(anonymous_40)","decl":{"start":{"line":405,"column":19},"end":{"line":405,"column":26}},"loc":{"start":{"line":405,"column":144},"end":{"line":416,"column":null}},"line":405},"41":{"name":"(anonymous_41)","decl":{"start":{"line":406,"column":14},"end":{"line":406,"column":26}},"loc":{"start":{"line":406,"column":26},"end":{"line":415,"column":2}},"line":406},"42":{"name":"(anonymous_42)","decl":{"start":{"line":425,"column":16},"end":{"line":425,"column":23}},"loc":{"start":{"line":425,"column":97},"end":{"line":469,"column":null}},"line":425},"43":{"name":"(anonymous_43)","decl":{"start":{"line":448,"column":36},"end":{"line":448,"column":37}},"loc":{"start":{"line":448,"column":43},"end":{"line":448,"column":58}},"line":448},"44":{"name":"(anonymous_44)","decl":{"start":{"line":470,"column":15},"end":{"line":470,"column":22}},"loc":{"start":{"line":470,"column":110},"end":{"line":491,"column":null}},"line":470},"45":{"name":"(anonymous_45)","decl":{"start":{"line":481,"column":11},"end":{"line":481,"column":12}},"loc":{"start":{"line":481,"column":23},"end":{"line":481,"column":101}},"line":481},"46":{"name":"(anonymous_46)","decl":{"start":{"line":492,"column":20},"end":{"line":492,"column":27}},"loc":{"start":{"line":492,"column":70},"end":{"line":510,"column":null}},"line":492},"47":{"name":"(anonymous_47)","decl":{"start":{"line":511,"column":8},"end":{"line":511,"column":15}},"loc":{"start":{"line":511,"column":250},"end":{"line":533,"column":null}},"line":511},"48":{"name":"(anonymous_48)","decl":{"start":{"line":545,"column":16},"end":{"line":545,"column":23}},"loc":{"start":{"line":545,"column":238},"end":{"line":565,"column":null}},"line":545},"49":{"name":"(anonymous_49)","decl":{"start":{"line":546,"column":14},"end":{"line":546,"column":26}},"loc":{"start":{"line":546,"column":26},"end":{"line":564,"column":2}},"line":546},"50":{"name":"(anonymous_50)","decl":{"start":{"line":566,"column":18},"end":{"line":566,"column":25}},"loc":{"start":{"line":566,"column":232},"end":{"line":589,"column":null}},"line":566},"51":{"name":"(anonymous_51)","decl":{"start":{"line":567,"column":14},"end":{"line":567,"column":26}},"loc":{"start":{"line":567,"column":26},"end":{"line":588,"column":2}},"line":567},"52":{"name":"(anonymous_52)","decl":{"start":{"line":593,"column":13},"end":{"line":593,"column":20}},"loc":{"start":{"line":593,"column":66},"end":{"line":595,"column":null}},"line":593},"53":{"name":"(anonymous_53)","decl":{"start":{"line":605,"column":6},"end":{"line":605,"column":53}},"loc":{"start":{"line":605,"column":139},"end":{"line":617,"column":null}},"line":605},"54":{"name":"(anonymous_54)","decl":{"start":{"line":606,"column":14},"end":{"line":606,"column":26}},"loc":{"start":{"line":606,"column":26},"end":{"line":616,"column":2}},"line":606}},"branchMap":{"0":{"loc":{"start":{"line":95,"column":68},"end":{"line":95,"column":121}},"type":"default-arg","locations":[{"start":{"line":95,"column":77},"end":{"line":95,"column":121}}],"line":95},"1":{"loc":{"start":{"line":99,"column":1},"end":{"line":99,"column":null}},"type":"if","locations":[{"start":{"line":99,"column":1},"end":{"line":99,"column":null}},{"start":{},"end":{}}],"line":99},"2":{"loc":{"start":{"line":101,"column":1},"end":{"line":101,"column":null}},"type":"if","locations":[{"start":{"line":101,"column":1},"end":{"line":101,"column":null}},{"start":{},"end":{}}],"line":101},"3":{"loc":{"start":{"line":101,"column":59},"end":{"line":101,"column":78}},"type":"binary-expr","locations":[{"start":{"line":101,"column":59},"end":{"line":101,"column":73}},{"start":{"line":101,"column":73},"end":{"line":101,"column":78}}],"line":101},"4":{"loc":{"start":{"line":102,"column":9},"end":{"line":102,"column":null}},"type":"binary-expr","locations":[{"start":{"line":102,"column":9},"end":{"line":102,"column":25}},{"start":{"line":102,"column":25},"end":{"line":102,"column":null}}],"line":102},"5":{"loc":{"start":{"line":108,"column":1},"end":{"line":108,"column":null}},"type":"if","locations":[{"start":{"line":108,"column":1},"end":{"line":108,"column":null}},{"start":{},"end":{}}],"line":108},"6":{"loc":{"start":{"line":110,"column":1},"end":{"line":110,"column":null}},"type":"if","locations":[{"start":{"line":110,"column":1},"end":{"line":110,"column":null}},{"start":{},"end":{}}],"line":110},"7":{"loc":{"start":{"line":110,"column":59},"end":{"line":110,"column":78}},"type":"binary-expr","locations":[{"start":{"line":110,"column":59},"end":{"line":110,"column":73}},{"start":{"line":110,"column":73},"end":{"line":110,"column":78}}],"line":110},"8":{"loc":{"start":{"line":111,"column":9},"end":{"line":111,"column":null}},"type":"binary-expr","locations":[{"start":{"line":111,"column":9},"end":{"line":111,"column":23}},{"start":{"line":111,"column":23},"end":{"line":111,"column":null}}],"line":111},"9":{"loc":{"start":{"line":117,"column":1},"end":{"line":117,"column":null}},"type":"if","locations":[{"start":{"line":117,"column":1},"end":{"line":117,"column":null}},{"start":{},"end":{}}],"line":117},"10":{"loc":{"start":{"line":119,"column":1},"end":{"line":119,"column":null}},"type":"if","locations":[{"start":{"line":119,"column":1},"end":{"line":119,"column":null}},{"start":{},"end":{}}],"line":119},"11":{"loc":{"start":{"line":119,"column":59},"end":{"line":119,"column":78}},"type":"binary-expr","locations":[{"start":{"line":119,"column":59},"end":{"line":119,"column":73}},{"start":{"line":119,"column":73},"end":{"line":119,"column":78}}],"line":119},"12":{"loc":{"start":{"line":120,"column":9},"end":{"line":120,"column":null}},"type":"binary-expr","locations":[{"start":{"line":120,"column":9},"end":{"line":120,"column":42}},{"start":{"line":120,"column":42},"end":{"line":120,"column":null}}],"line":120},"13":{"loc":{"start":{"line":126,"column":1},"end":{"line":126,"column":null}},"type":"if","locations":[{"start":{"line":126,"column":1},"end":{"line":126,"column":null}},{"start":{},"end":{}}],"line":126},"14":{"loc":{"start":{"line":128,"column":1},"end":{"line":128,"column":null}},"type":"if","locations":[{"start":{"line":128,"column":1},"end":{"line":128,"column":null}},{"start":{},"end":{}}],"line":128},"15":{"loc":{"start":{"line":128,"column":59},"end":{"line":128,"column":78}},"type":"binary-expr","locations":[{"start":{"line":128,"column":59},"end":{"line":128,"column":73}},{"start":{"line":128,"column":73},"end":{"line":128,"column":78}}],"line":128},"16":{"loc":{"start":{"line":129,"column":9},"end":{"line":129,"column":null}},"type":"binary-expr","locations":[{"start":{"line":129,"column":9},"end":{"line":129,"column":31}},{"start":{"line":129,"column":31},"end":{"line":129,"column":null}}],"line":129},"17":{"loc":{"start":{"line":135,"column":1},"end":{"line":135,"column":null}},"type":"if","locations":[{"start":{"line":135,"column":1},"end":{"line":135,"column":null}},{"start":{},"end":{}}],"line":135},"18":{"loc":{"start":{"line":137,"column":1},"end":{"line":137,"column":null}},"type":"if","locations":[{"start":{"line":137,"column":1},"end":{"line":137,"column":null}},{"start":{},"end":{}}],"line":137},"19":{"loc":{"start":{"line":137,"column":59},"end":{"line":137,"column":78}},"type":"binary-expr","locations":[{"start":{"line":137,"column":59},"end":{"line":137,"column":73}},{"start":{"line":137,"column":73},"end":{"line":137,"column":78}}],"line":137},"20":{"loc":{"start":{"line":144,"column":1},"end":{"line":144,"column":null}},"type":"if","locations":[{"start":{"line":144,"column":1},"end":{"line":144,"column":null}},{"start":{},"end":{}}],"line":144},"21":{"loc":{"start":{"line":147,"column":1},"end":{"line":151,"column":null}},"type":"if","locations":[{"start":{"line":147,"column":1},"end":{"line":151,"column":null}},{"start":{"line":149,"column":8},"end":{"line":151,"column":null}}],"line":147},"22":{"loc":{"start":{"line":155,"column":1},"end":{"line":155,"column":null}},"type":"if","locations":[{"start":{"line":155,"column":1},"end":{"line":155,"column":null}},{"start":{},"end":{}}],"line":155},"23":{"loc":{"start":{"line":155,"column":59},"end":{"line":155,"column":78}},"type":"binary-expr","locations":[{"start":{"line":155,"column":59},"end":{"line":155,"column":73}},{"start":{"line":155,"column":73},"end":{"line":155,"column":78}}],"line":155},"24":{"loc":{"start":{"line":156,"column":9},"end":{"line":156,"column":null}},"type":"binary-expr","locations":[{"start":{"line":156,"column":9},"end":{"line":156,"column":25}},{"start":{"line":156,"column":25},"end":{"line":156,"column":null}}],"line":156},"25":{"loc":{"start":{"line":162,"column":1},"end":{"line":162,"column":null}},"type":"if","locations":[{"start":{"line":162,"column":1},"end":{"line":162,"column":null}},{"start":{},"end":{}}],"line":162},"26":{"loc":{"start":{"line":164,"column":1},"end":{"line":164,"column":null}},"type":"if","locations":[{"start":{"line":164,"column":1},"end":{"line":164,"column":null}},{"start":{},"end":{}}],"line":164},"27":{"loc":{"start":{"line":164,"column":59},"end":{"line":164,"column":78}},"type":"binary-expr","locations":[{"start":{"line":164,"column":59},"end":{"line":164,"column":73}},{"start":{"line":164,"column":73},"end":{"line":164,"column":78}}],"line":164},"28":{"loc":{"start":{"line":165,"column":9},"end":{"line":165,"column":null}},"type":"binary-expr","locations":[{"start":{"line":165,"column":9},"end":{"line":165,"column":25}},{"start":{"line":165,"column":25},"end":{"line":165,"column":null}}],"line":165},"29":{"loc":{"start":{"line":168,"column":46},"end":{"line":168,"column":138}},"type":"default-arg","locations":[{"start":{"line":168,"column":131},"end":{"line":168,"column":138}}],"line":168},"30":{"loc":{"start":{"line":170,"column":20},"end":{"line":170,"column":null}},"type":"binary-expr","locations":[{"start":{"line":170,"column":20},"end":{"line":170,"column":42}},{"start":{"line":170,"column":42},"end":{"line":170,"column":null}}],"line":170},"31":{"loc":{"start":{"line":175,"column":1},"end":{"line":175,"column":null}},"type":"if","locations":[{"start":{"line":175,"column":1},"end":{"line":175,"column":null}},{"start":{},"end":{}}],"line":175},"32":{"loc":{"start":{"line":177,"column":1},"end":{"line":177,"column":null}},"type":"if","locations":[{"start":{"line":177,"column":1},"end":{"line":177,"column":null}},{"start":{},"end":{}}],"line":177},"33":{"loc":{"start":{"line":177,"column":59},"end":{"line":177,"column":78}},"type":"binary-expr","locations":[{"start":{"line":177,"column":59},"end":{"line":177,"column":73}},{"start":{"line":177,"column":73},"end":{"line":177,"column":78}}],"line":177},"34":{"loc":{"start":{"line":192,"column":1},"end":{"line":195,"column":null}},"type":"if","locations":[{"start":{"line":192,"column":1},"end":{"line":195,"column":null}},{"start":{},"end":{}}],"line":192},"35":{"loc":{"start":{"line":210,"column":1},"end":{"line":210,"column":null}},"type":"if","locations":[{"start":{"line":210,"column":1},"end":{"line":210,"column":null}},{"start":{},"end":{}}],"line":210},"36":{"loc":{"start":{"line":219,"column":1},"end":{"line":219,"column":null}},"type":"if","locations":[{"start":{"line":219,"column":1},"end":{"line":219,"column":null}},{"start":{},"end":{}}],"line":219},"37":{"loc":{"start":{"line":236,"column":1},"end":{"line":236,"column":null}},"type":"if","locations":[{"start":{"line":236,"column":1},"end":{"line":236,"column":null}},{"start":{},"end":{}}],"line":236},"38":{"loc":{"start":{"line":236,"column":59},"end":{"line":236,"column":78}},"type":"binary-expr","locations":[{"start":{"line":236,"column":59},"end":{"line":236,"column":73}},{"start":{"line":236,"column":73},"end":{"line":236,"column":78}}],"line":236},"39":{"loc":{"start":{"line":237,"column":9},"end":{"line":237,"column":null}},"type":"binary-expr","locations":[{"start":{"line":237,"column":9},"end":{"line":237,"column":31}},{"start":{"line":237,"column":31},"end":{"line":237,"column":null}}],"line":237},"40":{"loc":{"start":{"line":244,"column":1},"end":{"line":255,"column":null}},"type":"if","locations":[{"start":{"line":244,"column":1},"end":{"line":255,"column":null}},{"start":{},"end":{}}],"line":244},"41":{"loc":{"start":{"line":247,"column":1},"end":{"line":251,"column":null}},"type":"if","locations":[{"start":{"line":247,"column":1},"end":{"line":251,"column":null}},{"start":{"line":249,"column":1},"end":{"line":251,"column":null}}],"line":247},"42":{"loc":{"start":{"line":247,"column":5},"end":{"line":247,"column":21}},"type":"binary-expr","locations":[{"start":{"line":247,"column":5},"end":{"line":247,"column":15}},{"start":{"line":247,"column":15},"end":{"line":247,"column":21}}],"line":247},"43":{"loc":{"start":{"line":249,"column":1},"end":{"line":251,"column":null}},"type":"if","locations":[{"start":{"line":249,"column":1},"end":{"line":251,"column":null}},{"start":{},"end":{}}],"line":249},"44":{"loc":{"start":{"line":257,"column":1},"end":{"line":257,"column":null}},"type":"if","locations":[{"start":{"line":257,"column":1},"end":{"line":257,"column":null}},{"start":{},"end":{}}],"line":257},"45":{"loc":{"start":{"line":260,"column":1},"end":{"line":262,"column":null}},"type":"if","locations":[{"start":{"line":260,"column":1},"end":{"line":262,"column":null}},{"start":{},"end":{}}],"line":260},"46":{"loc":{"start":{"line":260,"column":5},"end":{"line":260,"column":56}},"type":"binary-expr","locations":[{"start":{"line":260,"column":5},"end":{"line":260,"column":32}},{"start":{"line":260,"column":32},"end":{"line":260,"column":56}}],"line":260},"47":{"loc":{"start":{"line":261,"column":27},"end":{"line":261,"column":76}},"type":"binary-expr","locations":[{"start":{"line":261,"column":27},"end":{"line":261,"column":54}},{"start":{"line":261,"column":54},"end":{"line":261,"column":76}}],"line":261},"48":{"loc":{"start":{"line":265,"column":8},"end":{"line":265,"column":null}},"type":"binary-expr","locations":[{"start":{"line":265,"column":8},"end":{"line":265,"column":29}},{"start":{"line":265,"column":29},"end":{"line":265,"column":null}}],"line":265},"49":{"loc":{"start":{"line":271,"column":9},"end":{"line":271,"column":null}},"type":"binary-expr","locations":[{"start":{"line":271,"column":9},"end":{"line":271,"column":31}},{"start":{"line":271,"column":31},"end":{"line":271,"column":null}}],"line":271},"50":{"loc":{"start":{"line":280,"column":1},"end":{"line":280,"column":null}},"type":"if","locations":[{"start":{"line":280,"column":1},"end":{"line":280,"column":null}},{"start":{},"end":{}}],"line":280},"51":{"loc":{"start":{"line":280,"column":59},"end":{"line":280,"column":78}},"type":"binary-expr","locations":[{"start":{"line":280,"column":59},"end":{"line":280,"column":73}},{"start":{"line":280,"column":73},"end":{"line":280,"column":78}}],"line":280},"52":{"loc":{"start":{"line":281,"column":18},"end":{"line":281,"column":null}},"type":"binary-expr","locations":[{"start":{"line":281,"column":18},"end":{"line":281,"column":57}},{"start":{"line":281,"column":57},"end":{"line":281,"column":null}}],"line":281},"53":{"loc":{"start":{"line":283,"column":1},"end":{"line":285,"column":null}},"type":"if","locations":[{"start":{"line":283,"column":1},"end":{"line":285,"column":null}},{"start":{},"end":{}}],"line":283},"54":{"loc":{"start":{"line":292,"column":1},"end":{"line":292,"column":null}},"type":"if","locations":[{"start":{"line":292,"column":1},"end":{"line":292,"column":null}},{"start":{},"end":{}}],"line":292},"55":{"loc":{"start":{"line":312,"column":1},"end":{"line":312,"column":null}},"type":"if","locations":[{"start":{"line":312,"column":1},"end":{"line":312,"column":null}},{"start":{},"end":{}}],"line":312},"56":{"loc":{"start":{"line":312,"column":57},"end":{"line":312,"column":75}},"type":"binary-expr","locations":[{"start":{"line":312,"column":57},"end":{"line":312,"column":70}},{"start":{"line":312,"column":70},"end":{"line":312,"column":75}}],"line":312},"57":{"loc":{"start":{"line":314,"column":1},"end":{"line":314,"column":null}},"type":"if","locations":[{"start":{"line":314,"column":1},"end":{"line":314,"column":null}},{"start":{},"end":{}}],"line":314},"58":{"loc":{"start":{"line":321,"column":1},"end":{"line":321,"column":null}},"type":"if","locations":[{"start":{"line":321,"column":1},"end":{"line":321,"column":null}},{"start":{},"end":{}}],"line":321},"59":{"loc":{"start":{"line":321,"column":57},"end":{"line":321,"column":75}},"type":"binary-expr","locations":[{"start":{"line":321,"column":57},"end":{"line":321,"column":70}},{"start":{"line":321,"column":70},"end":{"line":321,"column":75}}],"line":321},"60":{"loc":{"start":{"line":322,"column":19},"end":{"line":322,"column":null}},"type":"binary-expr","locations":[{"start":{"line":322,"column":19},"end":{"line":322,"column":39}},{"start":{"line":322,"column":39},"end":{"line":322,"column":null}}],"line":322},"61":{"loc":{"start":{"line":334,"column":11},"end":{"line":334,"column":null}},"type":"cond-expr","locations":[{"start":{"line":334,"column":24},"end":{"line":334,"column":74}},{"start":{"line":334,"column":74},"end":{"line":334,"column":null}}],"line":334},"62":{"loc":{"start":{"line":341,"column":39},"end":{"line":341,"column":49}},"type":"default-arg","locations":[{"start":{"line":341,"column":46},"end":{"line":341,"column":49}}],"line":341},"63":{"loc":{"start":{"line":341,"column":49},"end":{"line":341,"column":64}},"type":"default-arg","locations":[{"start":{"line":341,"column":60},"end":{"line":341,"column":64}}],"line":341},"64":{"loc":{"start":{"line":355,"column":1},"end":{"line":355,"column":null}},"type":"if","locations":[{"start":{"line":355,"column":1},"end":{"line":355,"column":null}},{"start":{},"end":{}}],"line"
[...]
":208,"column":18},"end":{"line":210,"column":null}},"type":"cond-expr","locations":[{"start":{"line":209,"column":3},"end":{"line":209,"column":null}},{"start":{"line":210,"column":3},"end":{"line":210,"column":null}}],"line":208},"36":{"loc":{"start":{"line":214,"column":1},"end":{"line":214,"column":null}},"type":"if","locations":[{"start":{"line":214,"column":1},"end":{"line":214,"column":null}},{"start":{},"end":{}}],"line":214},"37":{"loc":{"start":{"line":233,"column":1},"end":{"line":233,"column":null}},"type":"if","locations":[{"start":{"line":233,"column":1},"end":{"line":233,"column":null}},{"start":{},"end":{}}],"line":233},"38":{"loc":{"start":{"line":236,"column":1},"end":{"line":238,"column":null}},"type":"if","locations":[{"start":{"line":236,"column":1},"end":{"line":238,"column":null}},{"start":{},"end":{}}],"line":236},"39":{"loc":{"start":{"line":241,"column":1},"end":{"line":251,"column":null}},"type":"if","locations":[{"start":{"line":241,"column":1},"end":{"line":251,"column":null}},{"start":{},"end":{}}],"line":241},"40":{"loc":{"start":{"line":243,"column":1},"end":{"line":243,"column":null}},"type":"if","locations":[{"start":{"line":243,"column":1},"end":{"line":243,"column":null}},{"start":{},"end":{}}],"line":243},"41":{"loc":{"start":{"line":245,"column":14},"end":{"line":245,"column":null}},"type":"cond-expr","locations":[{"start":{"line":245,"column":36},"end":{"line":245,"column":44}},{"start":{"line":245,"column":44},"end":{"line":245,"column":null}}],"line":245},"42":{"loc":{"start":{"line":247,"column":1},"end":{"line":247,"column":null}},"type":"if","locations":[{"start":{"line":247,"column":1},"end":{"line":247,"column":null}},{"start":{},"end":{}}],"line":247},"43":{"loc":{"start":{"line":261,"column":1},"end":{"line":261,"column":null}},"type":"if","locations":[{"start":{"line":261,"column":1},"end":{"line":261,"column":null}},{"start":{},"end":{}}],"line":261},"44":{"loc":{"start":{"line":266,"column":1},"end":{"line":271,"column":null}},"type":"if","locations":[{"start":{"line":266,"column":1},"end":{"line":271,"column":null}},{"start":{"line":268,"column":8},"end":{"line":271,"column":null}}],"line":266},"45":{"loc":{"start":{"line":273,"column":1},"end":{"line":273,"column":null}},"type":"if","locations":[{"start":{"line":273,"column":1},"end":{"line":273,"column":null}},{"start":{},"end":{}}],"line":273},"46":{"loc":{"start":{"line":280,"column":11},"end":{"line":280,"column":null}},"type":"cond-expr","locations":[{"start":{"line":280,"column":35},"end":{"line":280,"column":47}},{"start":{"line":280,"column":47},"end":{"line":280,"column":null}}],"line":280},"47":{"loc":{"start":{"line":289,"column":1},"end":{"line":291,"column":null}},"type":"if","locations":[{"start":{"line":289,"column":1},"end":{"line":291,"column":null}},{"start":{},"end":{}}],"line":289},"48":{"loc":{"start":{"line":289,"column":5},"end":{"line":289,"column":41}},"type":"binary-expr","locations":[{"start":{"line":289,"column":5},"end":{"line":289,"column":18}},{"start":{"line":289,"column":18},"end":{"line":289,"column":41}}],"line":289},"49":{"loc":{"start":{"line":298,"column":1},"end":{"line":305,"column":null}},"type":"if","locations":[{"start":{"line":298,"column":1},"end":{"line":305,"column":null}},{"start":{},"end":{}}],"line":298},"50":{"loc":{"start":{"line":300,"column":1},"end":{"line":304,"column":null}},"type":"if","locations":[{"start":{"line":300,"column":1},"end":{"line":304,"column":null}},{"start":{},"end":{}}],"line":300},"51":{"loc":{"start":{"line":301,"column":1},"end":{"line":303,"column":null}},"type":"if","locations":[{"start":{"line":301,"column":1},"end":{"line":303,"column":null}},{"start":{},"end":{}}],"line":301},"52":{"loc":{"start":{"line":301,"column":5},"end":{"line":301,"column":41}},"type":"binary-expr","locations":[{"start":{"line":301,"column":5},"end":{"line":301,"column":18}},{"start":{"line":301,"column":18},"end":{"line":301,"column":41}}],"line":301},"53":{"loc":{"start":{"line":308,"column":1},"end":{"line":315,"column":null}},"type":"if","locations":[{"start":{"line":308,"column":1},"end":{"line":315,"column":null}},{"start":{},"end":{}}],"line":308},"54":{"loc":{"start":{"line":310,"column":1},"end":{"line":314,"column":null}},"type":"if","locations":[{"start":{"line":310,"column":1},"end":{"line":314,"column":null}},{"start":{},"end":{}}],"line":310},"55":{"loc":{"start":{"line":311,"column":1},"end":{"line":313,"column":null}},"type":"if","locations":[{"start":{"line":311,"column":1},"end":{"line":313,"column":null}},{"start":{},"end":{}}],"line":311},"56":{"loc":{"start":{"line":311,"column":5},"end":{"line":311,"column":35}},"type":"binary-expr","locations":[{"start":{"line":311,"column":5},"end":{"line":311,"column":16}},{"start":{"line":311,"column":16},"end":{"line":311,"column":35}}],"line":311},"57":{"loc":{"start":{"line":333,"column":1},"end":{"line":333,"column":null}},"type":"if","locations":[{"start":{"line":333,"column":1},"end":{"line":333,"column":null}},{"start":{},"end":{}}],"line":333},"58":{"loc":{"start":{"line":333,"column":5},"end":{"line":333,"column":60}},"type":"binary-expr","locations":[{"start":{"line":333,"column":5},"end":{"line":333,"column":22}},{"start":{"line":333,"column":22},"end":{"line":333,"column":42}},{"start":{"line":333,"column":42},"end":{"line":333,"column":60}}],"line":333},"59":{"loc":{"start":{"line":337,"column":1},"end":{"line":337,"column":null}},"type":"if","locations":[{"start":{"line":337,"column":1},"end":{"line":337,"column":null}},{"start":{},"end":{}}],"line":337},"60":{"loc":{"start":{"line":337,"column":5},"end":{"line":337,"column":25}},"type":"binary-expr","locations":[{"start":{"line":337,"column":5},"end":{"line":337,"column":16}},{"start":{"line":337,"column":16},"end":{"line":337,"column":25}}],"line":337},"61":{"loc":{"start":{"line":342,"column":1},"end":{"line":342,"column":null}},"type":"if","locations":[{"start":{"line":342,"column":1},"end":{"line":342,"column":null}},{"start":{},"end":{}}],"line":342},"62":{"loc":{"start":{"line":342,"column":5},"end":{"line":342,"column":61}},"type":"binary-expr","locations":[{"start":{"line":342,"column":5},"end":{"line":342,"column":34}},{"start":{"line":342,"column":34},"end":{"line":342,"column":61}}],"line":342},"63":{"loc":{"start":{"line":348,"column":1},"end":{"line":348,"column":null}},"type":"if","locations":[{"start":{"line":348,"column":1},"end":{"line":348,"column":null}},{"start":{},"end":{}}],"line":348},"64":{"loc":{"start":{"line":354,"column":1},"end":{"line":354,"column":null}},"type":"if","locations":[{"start":{"line":354,"column":1},"end":{"line":354,"column":null}},{"start":{},"end":{}}],"line":354},"65":{"loc":{"start":{"line":357,"column":1},"end":{"line":357,"column":null}},"type":"if","locations":[{"start":{"line":357,"column":1},"end":{"line":357,"column":null}},{"start":{},"end":{}}],"line":357},"66":{"loc":{"start":{"line":360,"column":1},"end":{"line":360,"column":null}},"type":"if","locations":[{"start":{"line":360,"column":1},"end":{"line":360,"column":null}},{"start":{},"end":{}}],"line":360},"67":{"loc":{"start":{"line":363,"column":1},"end":{"line":363,"column":null}},"type":"if","locations":[{"start":{"line":363,"column":1},"end":{"line":363,"column":null}},{"start":{},"end":{}}],"line":363},"68":{"loc":{"start":{"line":371,"column":1},"end":{"line":380,"column":null}},"type":"if","locations":[{"start":{"line":371,"column":1},"end":{"line":380,"column":null}},{"start":{},"end":{}}],"line":371},"69":{"loc":{"start":{"line":373,"column":1},"end":{"line":379,"column":null}},"type":"if","locations":[{"start":{"line":373,"column":1},"end":{"line":379,"column":null}},{"start":{},"end":{}}],"line":373},"70":{"loc":{"start":{"line":375,"column":1},"end":{"line":378,"column":null}},"type":"if","locations":[{"start":{"line":375,"column":1},"end":{"line":378,"column":null}},{"start":{},"end":{}}],"line":375},"71":{"loc":{"start":{"line":385,"column":11},"end":{"line":385,"column":null}},"type":"binary-expr","locations":[{"start":{"line":385,"column":11},"end":{"line":385,"column":24}},{"start":{"line":385,"column":24},"end":{"line":385,"column":null}}],"line":385}},"s":{"0":0,"1":3,"2":14,"3":0,"4":14,"5":14,"6":3,"7":3,"8":3,"9":0,"10":3,"11":3,"12":0,"13":0,"14":0,"15":0,"16":3,"17":0,"18":0,"19":0,"20":0,"21":3,"22":3,"23":3,"24":0,"25":3,"26":3,"27":4,"28":4,"29":4,"30":0,"31":4,"32":3,"33":0,"34":3,"35":13,"36":0,"37":13,"38":13,"39":3,"40":0,"41":0,"42":0,"43":0,"44":3,"45":0,"46":0,"47":0,"48":0,"49":0,"50":3,"51":0,"52":0,"53":0,"54":0,"55":0,"56":0,"57":0,"58":0,"59":0,"60":3,"61":0,"62":0,"63":0,"64":0,"65":0,"66":0,"67":0,"68":0,"69":0,"70":3,"71":0,"72":0,"73":0,"74":0,"75":3,"76":0,"77":0,"78":0,"79":0,"80":0,"81":0,"82":0,"83":0,"84":0,"85":0,"86":0,"87":0,"88":0,"89":0,"90":0,"91":0,"92":0,"93":0,"94":0,"95":0,"96":0,"97":0,"98":0,"99":0,"100":0,"101":0,"102":0,"103":3,"104":0,"105":0,"106":0,"107":0,"108":0,"109":0,"110":0,"111":0,"112":0,"113":0,"114":0,"115":0,"116":0,"117":0,"118":3,"119":0,"120":0,"121":0,"122":0,"123":0,"124":0,"125":0,"126":0,"127":0,"128":3,"129":0,"130":0,"131":0,"132":0,"133":0,"134":0,"135":0,"136":0,"137":0,"138":0,"139":0,"140":0,"141":0,"142":0,"143":0,"144":0,"145":3,"146":0,"147":0,"148":0,"149":0,"150":0,"151":0,"152":0,"153":0,"154":0,"155":0,"156":0,"157":0,"158":0,"159":0,"160":0,"161":0,"162":0,"163":0,"164":0,"165":0,"166":0,"167":0,"168":0,"169":0,"170":0,"171":0,"172":0,"173":0,"174":0,"175":0,"176":0,"177":0,"178":0,"179":0,"180":0,"181":0,"182":0,"183":0},"f":{"0":0,"1":14,"2":3,"3":0,"4":0,"5":3,"6":4,"7":0,"8":13,"9":0,"10":0,"11":0,"12":0,"13":0,"14":0,"15":0,"16":0,"17":0,"18":0,"19":0,"20":0,"21":0},"b":{"0":[0,14],"1":[0,14],"2":[14,0],"3":[0,3],"4":[0,0],"5":[0,0],"6":[0,0],"7":[0,3],"8":[0,4],"9":[4,4],"10":[0,13],"11":[10,3],"12":[0,0],"13":[0,0],"14":[0,0],"15":[0,0],"16":[0,0],"17":[0,0],"18":[0,0],"19":[0,0],"20":[0,0],"21":[0,0],"22":[0,0],"23":[0,0],"24":[0,0],"25":[0,0],"26":[0,0],"27":[0,0],"28":[0,0],"29":[0,0],"30":[0,0],"31":[0,0],"32":[0,0],"33":[0,0],"34":[0,0],"35":[0,0],"36":[0,0],"37":[0,0],"38":[0,0],"39":[0,0],"40":[0,0],"41":[0,0],"42":[0,0],"43":[0,0],"44":[0,0],"45":[0,0],"46":[0,0],"47":[0,0],"48":[0,0],"49":[0,0],"50":[0,0],"51":[0,0],"52":[0,0],"53":[0,0],"54":[0,0],"55":[0,0],"56":[0,0],"57":[0,0],"58":[0,0,0],"59":[0,0],"60":[0,0],"61":[0,0],"62":[0,0],"63":[0,0],"64":[0,0],"65":[0,0],"66":[0,0],"67":[0,0],"68":[0,0],"69":[0,0],"70":[0,0],"71":[0,0]},"meta":{"lastBranch":72,"lastFunction":22,"lastStatement":184,"seen":{"s:58:25:58:Infinity":0,"f:58:25:58:39":0,"s:64:16:68:Infinity":1,"f:64:16:64:17":1,"b:65:1:65:Infinity:undefined:undefined:undefined:undefined":0,"s:65:1:65:Infinity":2,"s:65:13:65:Infinity":3,"s:66:11:66:Infinity":4,"b:66:28:66:57:66:57:66:Infinity":1,"s:67:1:67:Infinity":5,"b:67:21:67:25:67:25:67:Infinity":2,"s:71:26:75:Infinity":6,"f:71:26:71:27":2,"s:72:11:72:Infinity":7,"b:73:1:73:Infinity:undefined:undefined:undefined:undefined":3,"s:73:1:73:Infinity":8,"s:73:9:73:Infinity":9,"s:74:1:74:Infinity":10,"s:78:26:82:Infinity":11,"f:78:26:78:27":3,"s:79:11:79:Infinity":12,"b:80:1:80:Infinity:undefined:undefined:undefined:undefined":4,"s:80:1:80:Infinity":13,"s:80:9:80:Infinity":14,"s:81:1:81:Infinity":15,"b:81:1:81:21:81:21:81:Infinity":5,"s:85:27:89:Infinity":16,"f:85:27:85:28":4,"s:86:11:86:Infinity":17,"b:87:1:87:Infinity:undefined:undefined:undefined:undefined":6,"s:87:1:87:Infinity":18,"s:87:9:87:Infinity":19,"s:88:1:88:Infinity":20,"s:92:29:96:Infinity":21,"f:92:29:92:30":5,"s:93:11:93:Infinity":22,"b:94:1:94:Infinity:undefined:undefined:undefined:undefined":7,"s:94:1:94:Infinity":23,"s:94:9:94:Infinity":24,"s:95:1:95:Infinity":25,"s:99:33:107:Infinity":26,"f:99:33:99:Infinity":6,"s:103:12:103:Infinity":27,"s:104:12:104:Infinity":28,"b:105:1:105:Infinity:undefined:undefined:undefined:undefined":8,"s:105:1:105:Infinity":29,"b:105:5:105:12:105:12:105:17":9,"s:105:17:105:Infinity":30,"s:106:1:106:Infinity":31,"s:110:27:112:Infinity":32,"f:110:27:110:28":7,"s:111:1:111:Infinity":33,"s:115:28:119:Infinity":34,"f:115:28:115:29":8,"b:116:1:116:Infinity:undefined:undefined:undefined:undefined":10,"s:116:1:116:Infinity":35,"s:116:15:116:Infinity":36,"s:117:7:117:Infinity":37,"s:118:1:118:Infinity":38,"b:118:21:118:25:118:25:118:Infinity":11,"s:122:28:126:Infinity":39,"f:122:28:122:29":9,"s:123:11:123:Infinity":40,"b:124:1:124:Infinity:undefined:undefined:undefined:undefined":12,"s:124:1:124:Infinity":41,"s:124:9:124:Infinity":42,"s:125:1:125:Infinity":43,"s:129:28:137:Infinity":44,"f:129:28:129:Infinity":10,"s:133:12:133:Infinity":45,"s:134:12:134:Infinity":46,"b:135:1:135:Infinity:undefined:undefined:undefined:undefined":13,"s:135:1:135:Infinity":47,"b:135:5:135:12:135:12:135:17":14,"s:135:17:135:Infinity":48,"s:136:1:136:Infinity":49,"s:140:30:150:Infinity":50,"f:140:30:140:Infinity":11,"s:144:12:144:Infinity":51,"s:145:12:145:Infinity":52,"b:146:1:146:Infinity:undefined:undefined:undefined:undefined":15,"s:146:1:146:Infinity":53,"b:146:5:146:12:146:12:146:17":16,"s:146:17:146:Infinity":54,"b:147:1:147:Infinity:undefined:undefined:undefined:undefined":17,"s:147:1:147:Infinity":55,"s:147:10:147:Infinity":56,"b:148:1:148:Infinity:undefined:undefined:undefined:undefined":18,"s:148:1:148:Infinity":57,"s:148:10:148:Infinity":58,"s:149:1:149:Infinity":59,"s:153:31:163:Infinity":60,"f:153:31:153:Infinity":12,"s:157:12:157:Infinity":61,"s:158:12:158:Infinity":62,"b:159:1:159:Infinity:undefined:undefined:undefined:undefined":19,"s:159:1:159:Infinity":63,"b:159:5:159:12:159:12:159:17":20,"s:159:17:159:Infinity":64,"b:160:1:160:Infinity:undefined:undefined:undefined:undefined":21,"s:160:1:160:Infinity":65,"s:160:10:160:Infinity":66,"b:161:1:161:Infinity:undefined:undefined:undefined:undefined":22,"s:161:1:161:Infinity":67,"s:161:10:161:Infinity":68,"s:162:1:162:Infinity":69,"s:170:28:176:Infinity":70,"f:170:28:170:Infinity":13,"b:174:1:174:Infinity:undefined:undefined:undefined:undefined":23,"s:174:1:174:Infinity":71,"b:174:5:174:20:174:20:174:38":24,"s:174:38:174:Infinity":72,"s:175:1:175:Infinity":73,"b:175:8:175:48:175:48:175:Infinity":25,"f:175:19:175:20":14,"s:175:29:175:43":74,"s:182:43:227:Infinity":75,"f:182:43:182:Infinity":15,"b:187:1:187:Infinity:undefined:undefined:undefined:undefined":26,"s:187:1:187:Infinity":76,"b:187:5:187:26:187:26:187:50":27,"s:187:50:187:Infinity":77,"b:188:1:188:Infinity:undefined:undefined:undefined:undefined":28,"s:188:1:188:Infinity":78,"b:188:5:188:28:188:28:188:54":29,"s:188:54:188:Infinity":79,"s:190:20:190:Infinity":80,"b:191:1:191:Infinity:undefined:undefined:undefined:undefined":30,"s:191:1:191:Infinity":81,"s:191:18:191:Infinity":82,"s:194:16:194:Infinity":83,"s:195:17:195:Infinity":84,"s:197:1:202:Infinity":85,"b:197:8:197:36:197:36:197:75":31,"s:198:1:198:Infinity":86,"s:199:18:199:Infinity":87,"b:200:1:200:Infinity:undefined:undefined:undefined:undefined":32,"s:200:1:200:Infinity":88,"s:200:16:200:Infinity":89,"s:201:1:201:Infinity":90,"s:205:26:205:Infinity":91,"b:205:26:205:50:205:50:205:Infinity":33,"b:206:1:206:Infinity:undefined:undefined:undefined:undefined":34,"s:206:1:206:Infinity":92,"s:206:24:206:Infinity":93,"s:208:18:210:Infinity":94,"b:209:3:209:Infinity:210:3:210:Infinity":35,"s:212:15:212:Infinity":95,"b:214:1:214:Infinity:undefined:undefined:undefined:undefined":36,"s:214:1:214:Infinity":96,"s:214:36:214:Infinity":97,"s:217:1:217:Infinity":98,"s:218:1:218:Infinity":99,"s:220:13:220:Infinity":100,"s:221:18:221:Infinity":101,"s:223:1:226:Infinity":102,"s:232:25:254:Infinity":103,"f:232:25:232:26":16,"b:233:1:233:Infinity:undefined:undefined:undefined:undefined":37,"s:233:1:233:Infinity":104,"s:233:13:233:Infinity":105,"b:236:1:238:Infinity:undefined:undefined:undefined:undefined":38,"s:236:1:238:Infinity":106,"s:237:1:237:Infinity":107,"b:241:1:251:Infinity:undefined:undefined:undefined:undefined":39,"s:241:1:251:Infinity":108,"b:243:1:243:Infinity:undefined:undefined:undefined:undefined":40,"s:243:1:243:Infinity":109,"s:243:40:243:Infinity":110,"s:245:14:245:Infinity":111,"b:245:36:245:44:245:44:245:Infinity":41,"s:246:16:246:Infinity":112,"b:247:1:247:Infinity:undefined:undefined:undefined:undefined":42,"s:247:1:247:Infinity":113,"s:247:37:247:Infinity":114,"s:249:1:249:Infinity":115,"s:250:1:250:Infinity":116,"s:253:1:253:Infinity":117,"s:260:33:282:Infinity":118,"f:260:33:260:34":17,"b:261:1:261:Infinity:undefined:undefined:undefined:undefined":43,"s:261:1:261:Infinity":119,"s:261:15:261:Infinity":120,"b:266:1:271:Infinity:268:8:271:Infinity":44,"s:266:1:271:Infinity":121,"s:267:1:267:Infinity":122,"s:269:37:269:Infinity":123,"s:270:1:270:Infinity":124,"b:273:1:273:Infinity:undefined:undefined:undefined:undefined":45,"s:273:1:273:Infinity":125,"s:273:28:273:Infinity":126,"s:275:1:281:Infinity":127,"b:280:35:280:47:280:47:280:Infinity":46,"s:288:36:322:Infinity":128,"f:288:36:288:37":18,"b:289:1:291:Infinity:undefined:undefined:undefined:undefined":47,"s:289:1:291:Infinity":129,"b:289:5:289:18:289:18:289:41":48,"s:290:1:290:Infinity":130,"s:293:31:293:Infinity":131,"s:294:29:294:Infinity":132,"s:296:1:316:Infinity":133,"f:296:18:296:19":19,"b:298:1:305:Infinity:undefined:undefined:undefined:undefined":49,"s:298:1:305:Infinity":134,"s:299:20:299:Infinity":135,"b:300:1:304:Infinity:undefined:undefined:undefined:undefined":50,"s:300:1:304:Infinity":136,"b:301:1:303:Infinity:undefined:undefined:undefined:undefined":51,"s:301:1:303:Infinity":137,"b:301:5:301:18:301:18:301:41":52,"s:302:1:302:Infinity":138,"b:308:1:315:Infinity:undefined:undefined:undefined:undefined":53,"s:308:1:315:Infinity":139,"s:309:18:309:Infinity":140,"b:310:1:314:Infinity:undefined:undefined:undefined:undefined":54,"s:310:1:314:Infinity":141,"b:311:1:313:Infinity:undefined:undefined:undefined:undefined":55,"s:311:1:313:Infinity":142,"b:311:5:311:16:311:16:311:35":56,"s:312:1:312:Infinity":143,"s:318:1:321:Infinity":144,"s:328:39:391:Infinity":145,"f:328:39:328:Infinity":20,"b:333:1:333:Infinity:undefined:undefined:undefined:undefined":57,"s:333:1:333:Infinity":146,"b:333:5:333:22:333:22:333:42:333:42:333:60":58,"s:333:60:333:Infinity":147,"s:335:16:335:Infinity":148,"s:336:16:336:Infinity":149,"b:337:1:337:Infinity:undefined:undefined:undefined:undefined":59,"s:337:1:337:Infinity":150,"b:337:5:337:16:337:16:337:25":60,"s:337:25:337:Infinity":151,"s:339:18:339:Infinity":152,"s:340:18:340:Infinity":153,"b:342:1:342:Infinity:undefined:undefined:undefined:undefined":61,"s:342:1:342:Infinity":154,"b:342:5:342:34:342:34:342:61":62,"s:342:61:342:Infinity":155,"s:345:18:345:Infinity":156,"s:346:18:346:Infinity":157,"b:348:1:348:Infinity:undefined:undefined:undefined:undefined":63,"s:348:1:348:Infinity":158,"s:348:21:348:Infinity":159,"s:350:37:350:Infinity":160,"s:352:1:388:Infinity":161,"f:352:22:352:23":21,"b:354:1:354:Infinity:undefined:undefined:undefined:undefined":64,"s:354:1:354:Infinity":162,"s:354:23:354:Infinity":163,"b:357:1:357:Infinity:undefined:undefined:undefined:undefined":65,"s:357:1:357:Infinity":164,"s:357:23:357:Infinity":165,"s:359:22:359:Infinity":166,"b:360:1:360:Infinity:undefined:undefined:undefined:undefined":66,"s:360:1:360:Infinity":167,"s:360:20:360:Infinity":168,"s:362:19:362:Infinity":169,"b:363:1:363:Infinity:undefined:undefined:undefined:undefined":67,"s:363:1:363:Infinity":170,"s:363:33:363:Infinity":171,"s:366:1:366:Infinity":172,"s:367:21:367:Infinity":173,"s:370:32:370:Infinity":174,"b:371:1:380:Infinity:undefined:undefined:undefined:undefined":68,"s:371:1:380:Infinity":175,"s:372:20:372:Infinity":176,"b:373:1:379:Infinity:undefined:undefined:undefined:undefined":69,"s:373:1:379:Infinity":177,"s:374:17:374:Infinity":178,"b:375:1:378:Infinity:undefined:undefined:undefined:undefined":70,"s:375:1:378:Infinity":179,"s:376:1:376:Infinity":180,"s:377:1:377:Infinity":181,"s:382:1:387:Infinity":182,"b:385:11:385:24:385:24:385:Infinity":71,"s:390:1:390:Infinity":183}}}
}
